1683922341
1683922371
1683922401
1683922431
1683922461
1683922491
1683922521
1683922551
1683922581
1683922611
1683922641
1683922671
1683922701
1683922731
1683922761
1683922791
1683922821
1683922851
1683922881
1683922911
1683922941
1683922971
1683923001
1683923031
1683923061
1683923091
1683923121
1683923151
1683923181
1683923211
1683923241
1683923271
1683923301
1683923331
1683923361
1683923391
1683923421
1683923451
1683923481
1683923511
1683923541
1683923571
1683923601
1683923631
1683923661
1683923691
1683923721
1683923751
1683923781
1683923811
1683923841
1683923871
1683923901
1683923931
1683923961
1683923991
1683924021
1683924051
1683924081
1683924111
1683924141
1683924171
1683924201
1683924231
1683924261
1683924291
1683924321
1683924351
1683924381
1683924411
1683924441
1683924471
1683924501
1683924531
1683924561
1683924591
1683924621
1683924651
1683924681
1683924711
1683924741
1683924771
1683924801
1683924831
1683924861
1683924891
1683924921
1683924951
1683924981
1683925011
1683925041
1683925071
1683925101
1683925131
1683925161
1683925191
1683925221
1683925251
1683925281
1683925311
1683925341
1683925371
1683925401
1683925431
1683925461
1683925491
1683925521
1683925551
1683925581
1683925611
1683925641
1683925671
1683925701
1683925731
1683925761
1683925791
1683925821
1683925851
1683925881
1683925911
1683925941
1683925971
1683926001
1683926031
1683926061
1683926091
1683926121
1683926151
1683926181
1683926211
1683926241
1683926271
1683926301
1683926331
1683926361
1683926391
1683926421
1683926451
1683926481
1683926511
1683926541
1683926571
1683926601
1683926631
1683926661
1683926691
1683926721
1683926751
1683926781
1683926811
1683926841
1683926871
1683926901
1683926931
1683926961
1683926991
1683927021
1683927051
1683927081
1683927111
1683927141
1683927171
1683927201
1683927231
1683927261
1683927291
1683927321
1683927351
1683927381
1683927411
1683927441
1683927471
1683927501
1683927531
1683927561
1683927591
1683927621
1683927651
1683927681
1683927711
1683927741
1683927771
1683927801
1683927831
1683927861
1683927891
1683927921
1683927951
1683927981
1683928011
1683928041
1683928071
1683928101
1683928131
1683928161
1683928191
1683928221
1683928251
1683928281
1683928311
1683928341
1683928371
1683928401
1683928431
1683928461
1683928491
1683928521
1683928551
1683928581
1683928611
1683928641
1683928671
1683928701
1683928731
1683928761
1683928791
1683928821
1683928851
1683928881
1683928911
1683928941
1683928971
1683929001
1683929031
1683929061
1683929091
1683929121
1683929151
1683929181
1683929211
1683929241
1683929271
1683929301
1683929331
1683929361
1683929391
1683929421
1683929451
1683929481
1683929511
1683929541
1683929571
1683929601
1683929631
1683929661
1683929691
1683929721
1683929751
1683929781
1683929811
1683929841
1683929871
1683929901
1683929931
1683929961
1683929991
1683930021
1683930051
1683930081
1683930111
1683930141
1683930171
1683930201
1683930231
1683930261
1683930291
1683930321
1683930351
1683930381
1683930411
1683930441
1683930471
1683930501
1683930531
1683930561
1683930591
1683930621
1683930651
1683930681
1683930711
1683930741
1683930771
1683930801
1683930831
1683930861
1683930891
1683930921
1683930951
1683930981
1683931011
1683931041
1683931071
1683931101
1683931131
1683931161
1683931191
1683931221
1683931251
1683931281
1683931311
1683931341
1683931371
1683931401
1683931431
1683931461
1683931491
1683931521
1683931551
1683931581
1683931611
1683931641
1683931671
1683931701
1683931731
1683931761
1683931791
1683931821
1683931851
1683931881
1683931911
1683931941
1683931971
1683932001
1683932031
1683932061
1683932091
1683932121
1683932151
1683932181
1683932211
1683932241
1683932271
1683932301
1683932331
1683932361
1683932391
1683932421
1683932451
1683932481
1683932511
1683932541
1683932571
1683932601
1683932631
1683932661
1683932691
1683932721
1683932751
1683932781
1683932811
1683932841
1683932871
1683932901
1683932931
1683932961
1683932991
1683933021
1683933051
1683933081
1683933111
1683933141
1683933171
1683933201
1683933231
1683933261
1683933291
1683933321
1683933351
1683933381
1683933411
1683933441
1683933471
1683933501
1683933531
1683933561
1683933591
1683933621
1683933651
1683933681
1683933711
1683933741
1683933771
1683933801
1683933831
1683933861
1683933891
1683933921
1683933951
1683933981
1683934011
1683934041
1683934071
1683934101
1683934131
1683934161
1683934191
1683934221
1683934251
1683934281
1683934311
1683934341
1683934371
1683934401
1683934431
1683934461
1683934491
1683934521
1683934551
1683934581
1683934611
1683934641
1683934671
1683934701
1683934731
1683934761
1683934791
1683934821
1683934851
1683934881
1683934911
1683934941
1683934971
1683935001
1683935031
1683935061
1683935091
1683935121
1683935151
1683935181
1683935211
1683935241
1683935271
1683935301
1683935331
1683935361
1683935391
1683935421
1683935451
1683935481
1683935511
1683935541
1683935571
1683935601
1683935631
1683935661
1683935691
1683935721
1683935751
1683935781
1683935811
1683935841
1683935871
1683935901
1683935931
1683935961
1683935991
1683936021
1683936051
1683936081
1683936111
1683936141
1683936171
1683936201
1683936231
1683936261
1683936291
1683936321
1683936351
1683936381
1683936411
1683936441
1683936471
1683936501
1683936531
1683936561
1683936591
1683936621
1683936651
1683936681
1683936711
1683936741
1683936771
1683936801
1683936831
1683936861
1683936891
1683936921
1683936951
1683936981
1683937011
1683937041
1683937071
1683937101
1683937131
1683937161
1683937191
1683937221
1683937251
1683937281
1683937311
1683937341
1683937371
1683937401
1683937431
1683937461
1683937491
1683937521
1683937551
1683937581
1683937611
1683937641
1683937671
1683937701
1683937731
1683937761
1683937791
1683937821
1683937851
1683937881
1683937911
1683937941
1683937971
1683938001
1683938031
1683938061
1683938091
1683938121
1683938151
1683938181
1683938211
1683938241
1683938271
1683938301
1683938331
1683938361
1683938391
1683938421
1683938451
1683938481
1683938511
1683938541
1683938571
1683938601
1683938631
1683938661
1683938691
1683938721
1683938751
1683938781
1683938811
1683938841
1683938871
1683938901
1683938931
1683938961
1683938991
1683939021
1683939051
1683939081
1683939111
1683939141
1683939171
1683939201
1683939231
1683939261
1683939291
1683939321
1683939351
1683939381
1683939411
1683939441
1683939471
1683939501
1683939531
1683939561
1683939591
1683939621
1683939651
1683939681
1683939711
1683939741
1683939771
1683939801
1683939831
1683939861
1683939891
1683939921
1683939951
1683939981
1683940011
1683940041
1683940071
1683940101
1683940131
1683940161
1683940191
1683940221
1683940251
1683940281
1683940311
1683940341
1683940371
1683940401
1683940431
1683940461
1683940491
1683940521
1683940551
1683940581
1683940611
1683940641
1683940671
1683940701
1683940731
1683940761
1683940791
1683940821
1683940851
1683940881
1683940911
1683940941
1683940971
1683941001
1683941031
1683941061
1683941091
1683941121
1683941151
1683941181
1683941211
1683941241
1683941271
1683941301
1683941331
1683941361
1683941391
1683941421
1683941451
1683941481
1683941511
1683941541
1683941571
1683941601
1683941631
1683941661
1683941691
1683941721
1683941751
1683941781
1683941811
1683941841
1683941871
1683941901
1683941931
1683941961
1683941991
1683942021
1683942051
1683942081
1683942111
1683942141
1683942171
1683942201
1683942231
1683942261
1683942291
1683942321
1683942351
1683942381
1683942411
1683942441
1683942471
1683942501
1683942531
1683942561
1683942591
1683942621
1683942651
1683942681
1683942711
1683942741
1683942771
1683942801
1683942831
1683942861
1683942891
1683942921
1683942951
1683942981
1683943011
1683943041
1683943071
1683943101
1683943131
1683943161
1683943191
1683943221
1683943251
1683943281
1683943311
1683943341
1683943371
1683943401
1683943431
1683943461
1683943491
1683943521
1683943551
1683943581
1683943611
1683943641
1683943671
1683943701
1683943731
1683943761
1683943791
1683943821
1683943851
1683943881
1683943911
1683943941
1683943971
1683944001
1683944031
1683944061
1683944091
1683944121
1683944151
1683944181
1683944211
1683944241
1683944271
1683944301
1683944331
1683944361
1683944391
1683944421
1683944451
1683944481
1683944511
1683944541
1683944571
1683944601
1683944631
1683944661
1683944691
1683944721
1683944751
1683944781
1683944811
1683944841
1683944871
1683944901
1683944931
1683944961
1683944991
1683945021
1683945051
1683945081
1683945111
1683945141
1683945171
1683945201
1683945231
1683945261
1683945291
1683945321
1683945351
1683945381
1683945411
1683945441
1683945471
1683945501
1683945531
1683945561
1683945591
1683945621
1683945651
1683945681
1683945711
1683945741
1683945771
1683945801
1683945831
1683945861
1683945891
1683945921
1683945951
1683945981
1683946011
1683946041
1683946071
1683946101
1683946131
1683946161
1683946191
1683946221
1683946251
1683946281
1683946311
1683946341
1683946371
1683946401
1683946431
1683946461
1683946491
1683946521
1683946551
1683946581
1683946611
1683946641
1683946671
1683946701
1683946731
1683946761
1683946791
1683946821
1683946851
1683946881
1683946911
1683946941
1683946971
1683947001
1683947031
1683947061
1683947091
1683947121
1683947151
1683947181
1683947211
1683947241
1683947271
1683947301
1683947331
1683947361
1683947391
1683947421
1683947451
1683947481
1683947511
1683947541
1683947571
1683947601
1683947631
1683947661
1683947691
1683947721
1683947751
1683947781
1683947811
1683947841
1683947871
1683947901
1683947931
1683947961
1683947991
1683948021
1683948051
1683948081
1683948111
1683948141
1683948171
1683948201
1683948231
1683948261
1683948291
1683948321
1683948351
1683948381
1683948411
1683948441
1683948471
1683948501
1683948531
1683948561
1683948591
1683948621
1683948651
1683948681
1683948711
1683948741
1683948771
1683948801
1683948831
1683948861
1683948891
1683948921
1683948951
1683948981
1683949011
1683949041
1683949071
1683949101
1683949131
1683949161
1683949191
1683949221
1683949251
1683949281
1683949311
1683949341
1683949371
1683949401
1683949431
1683949461
1683949491
1683949521
1683949551
1683949581
1683949611
1683949641
1683949671
1683949701
1683949731
1683949761
1683949791
1683949821
1683949851
1683949881
1683949911
1683949941
1683949971
1683950001
1683950031
1683950061
1683950091
1683950121
1683950151
1683950181
1683950211
1683950241
1683950271
1683950301
1683950331
1683950361
1683950391
1683950421
1683950451
1683950481
1683950511
1683950541
1683950571
1683950601
1683950631
1683950661
1683950691
1683950721
1683950751
1683950781
1683950811
1683950841
1683950871
1683950901
1683950931
1683950961
1683950991
1683951021
1683951051
1683951081
1683951111
1683951141
1683951171
1683951201
1683951231
1683951261
1683951291
1683951321
1683951351
1683951381
1683951411
1683951441
1683951471
1683951501
1683951531
1683951561
1683951591
1683951621
1683951651
1683951681
1683951711
1683951741
1683951771
1683951801
1683951831
1683951861
1683951891
1683951921
1683951951
1683951981
1683952011
1683952041
1683952071
1683952101
1683952131
1683952161
1683952191
1683952221
1683952251
1683952281
1683952311
1683952341
1683952371
1683952401
1683952431
1683952461
1683952491
1683952521
1683952551
1683952581
1683952611
1683952641
1683952671
1683952701
1683952731
1683952761
1683952791
1683952821
1683952851
1683952881
1683952911
1683952941
1683952971
1683953001
1683953031
1683953061
1683953091
1683953121
1683953151
1683953181
1683953211
1683953241
1683953271
1683953301
1683953331
1683953361
1683953391
1683953421
1683953451
1683953481
1683953511
1683953541
1683953571
1683953601
1683953631
1683953661
1683953691
1683953721
1683953751
1683953781
1683953811
1683953841
1683953871
1683953901
1683953931
1683953961
1683953991
1683954021
1683954051
1683954081
1683954111
1683954141
1683954171
1683954201
1683954231
1683954261
1683954291
1683954321
1683954351
1683954381
1683954411
1683954441
1683954471
1683954501
1683954531
1683954561
1683954591
1683954621
1683954651
1683954681
1683954711
1683954741
1683954771
1683954801
1683954831
1683954861
1683954891
1683954921
1683954951
1683954981
1683955011
1683955041
1683955071
1683955101
1683955131
1683955161
1683955191
1683955221
1683955251
1683955281
1683955311
1683955341
1683955371
1683955401
1683955431
1683955461
1683955491
1683955521
1683955551
1683955581
1683955611
1683955641
1683955671
1683955701
1683955731
1683955761
1683955791
1683955821
1683955851
1683955881
1683955911
1683955941
1683955971
1683956001
1683956031
1683956061
1683956091
1683956121
1683956151
1683956181
1683956211
1683956241
1683956271
1683956301
1683956331
1683956361
1683956391
1683956421
1683956451
1683956481
1683956511
1683956541
1683956571
1683956601
1683956631
1683956661
1683956691
1683956721
1683956751
1683956781
1683956811
1683956841
1683956871
1683956901
1683956931
1683956961
1683956991
1683957021
1683957051
1683957081
1683957111
1683957141
1683957171
1683957201
1683957231
1683957261
1683957291
1683957321
1683957351
1683957381
1683957411
1683957441
1683957471
1683957501
1683957531
1683957561
1683957591
1683957621
1683957651
1683957681
1683957711
1683957741
1683957771
1683957801
1683957831
1683957861
1683957891
1683957921
1683957951
1683957981
1683958011
1683958041
1683958071
1683958101
1683958131
1683958161
1683958191
1683958221
1683958251
1683958281
1683958311
1683958341
1683958371
1683958401
1683958431
1683958461
1683958491
1683958521
1683958551
1683958581
1683958611
1683958641
1683958671
1683958701
1683958731
1683958761
1683958791
1683958821
1683958851
1683958881
1683958911
1683958941
1683958971
1683959001
1683959031
1683959061
1683959091
1683959121
1683959151
1683959181
1683959211
1683959241
1683959271
1683959301
1683959331
1683959361
1683959391
1683959421
1683959451
1683959481
1683959511
1683959541
1683959571
1683959601
1683959631
1683959661
1683959691
1683959721
1683959751
1683959781
1683959811
1683959841
1683959871
1683959901
1683959931
1683959961
1683959991
1683960021
1683960051
1683960081
1683960111
1683960141
1683960171
1683960201
1683960231
1683960261
1683960291
1683960321
1683960351
1683960381
1683960411
1683960441
1683960471
1683960501
1683960531
1683960561
1683960591
1683960621
1683960651
1683960681
1683960711
1683960741
1683960771
1683960801
1683960831
1683960861
1683960891
1683960921
1683960951
1683960981
1683961011
1683961041
1683961071
1683961101
1683961131
1683961161
1683961191
1683961221
1683961251
1683961281
1683961311
1683961341
1683961371
1683961401
1683961431
1683961461
1683961491
1683961521
1683961551
1683961581
1683961611
1683961641
1683961671
1683961701
1683961731
1683961761
1683961791
1683961821
1683961851
1683961881
1683961911
1683961941
1683961971
1683962001
1683962031
1683962061
1683962091
1683962121
1683962151
1683962181
1683962211
1683962241
1683962271
1683962301
1683962331
1683962361
1683962391
1683962421
1683962451
1683962481
1683962511
1683962541
1683962571
1683962601
1683962631
1683962661
1683962691
1683962721
1683962751
1683962781
1683962811
1683962841
1683962871
1683962901
1683962931
1683962961
1683962991
1683963021
1683963051
1683963081
1683963111
1683963141
1683963171
1683963201
1683963231
1683963261
1683963291
1683963321
1683963351
1683963381
1683963411
1683963441
1683963471
1683963501
1683963531
1683963561
1683963591
1683963621
1683963651
1683963681
1683963711
1683963741
1683963771
1683963801
1683963831
1683963861
1683963891
1683963921
1683963951
1683963981
1683964011
1683964041
1683964071
1683964101
1683964131
1683964161
1683964191
1683964221
1683964251
1683964281
1683964311
1683964341
1683964371
1683964401
1683964431
1683964461
1683964491
1683964521
1683964551
1683964581
1683964611
1683964641
1683964671
1683964701
1683964731
1683964761
1683964791
1683964821
1683964851
1683964881
1683964911
1683964941
1683964971
1683965001
1683965031
1683965061
1683965091
1683965121
1683965151
1683965181
1683965211
1683965241
1683965271
1683965301
1683965331
1683965361
1683965391
1683965421
1683965451
1683965481
1683965511
1683965541
1683965571
1683965601
1683965631
1683965661
1683965691
1683965721
1683965751
1683965781
1683965811
1683965841
1683965871
1683965901
1683965931
1683965961
1683965991
1683966021
1683966051
1683966081
1683966111
1683966141
1683966171
1683966201
1683966231
1683966261
1683966291
1683966321
1683966351
1683966381
1683966411
1683966441
1683966471
1683966501
1683966531
1683966561
1683966591
1683966621
1683966651
1683966681
1683966711
1683966741
1683966771
1683966801
1683966831
1683966861
1683966891
1683966921
1683966951
1683966981
1683967011
1683967041
1683967071
1683967101
1683967131
1683967161
1683967191
1683967221
1683967251
1683967281
1683967311
1683967341
1683967371
1683967401
1683967431
1683967461
1683967491
1683967521
1683967551
1683967581
1683967611
1683967641
1683967671
1683967701
1683967731
1683967761
1683967791
1683967821
1683967851
1683967881
1683967911
1683967941
1683967971
1683968001
1683968031
1683968061
1683968091
1683968121
1683968151
1683968181
1683968211
1683968241
1683968271
1683968301
1683968331
1683968361
1683968391
1683968421
1683968451
1683968481
1683968511
1683968541
1683968571
1683968601
1683968631
1683968661
1683968691
1683968721
1683968751
1683968781
1683968811
1683968841
1683968871
1683968901
1683968931
1683968961
1683968991
1683969021
1683969051
1683969081
1683969111
1683969141
1683969171
1683969201
1683969231
1683969261
1683969291
1683969321
1683969351
1683969381
1683969411
1683969441
1683969471
1683969501
1683969531
1683969561
1683969591
1683969621
1683969651
1683969681
1683969711
1683969741
1683969771
1683969801
1683969831
1683969861
1683969891
1683969921
1683969951
1683969981
1683970011
1683970041
1683970071
1683970101
1683970131
1683970161
1683970191
1683970221
1683970251
1683970281
1683970311
1683970341
1683970371
1683970401
1683970431
1683970461
1683970491
1683970521
1683970551
1683970581
1683970611
1683970641
1683970671
1683970701
1683970731
1683970761
1683970791
1683970821
1683970851
1683970881
1683970911
1683970941
1683970971
1683971001
1683971031
1683971061
1683971091
1683971121
1683971151
1683971181
1683971211
1683971241
1683971271
1683971301
1683971331
1683971361
1683971391
1683971421
1683971451
1683971481
1683971511
1683971541
1683971571
1683971601
1683971631
1683971661
1683971691
1683971721
1683971751
1683971781
1683971811
1683971841
1683971871
1683971901
1683971931
1683971961
1683971991
1683972021
1683972051
1683972081
1683972111
1683972141
1683972171
1683972201
1683972231
1683972261
1683972291
1683972321
1683972351
1683972381
1683972411
1683972441
1683972471
1683972501
1683972531
1683972561
1683972591
1683972621
1683972651
1683972681
1683972711
1683972741
1683972771
1683972801
1683972831
1683972861
1683972891
1683972921
1683972951
1683972981
1683973011
1683973041
1683973071
1683973101
1683973131
1683973161
1683973191
1683973221
1683973251
1683973281
1683973311
1683973341
1683973371
1683973401
1683973431
1683973461
1683973491
1683973521
1683973551
1683973581
1683973611
1683973641
1683973671
1683973701
1683973731
1683973761
1683973791
1683973821
1683973851
1683973881
1683973911
1683973941
1683973971
1683974001
1683974031
1683974061
1683974091
1683974121
1683974151
1683974181
1683974211
1683974241
1683974271
1683974301
1683974331
1683974361
1683974391
1683974421
1683974451
1683974481
1683974511
1683974541
1683974571
1683974601
1683974631
1683974661
1683974691
1683974721
1683974751
1683974781
1683974811
1683974841
1683974871
1683974901
1683974931
1683974961
1683974991
1683975021
1683975051
1683975081
1683975111
1683975141
1683975171
1683975201
1683975231
1683975261
1683975291
1683975321
1683975351
1683975381
1683975411
1683975441
1683975471
1683975501
1683975531
1683975561
1683975591
1683975621
1683975651
1683975681
1683975711
1683975741
1683975771
1683975801
1683975831
1683975861
1683975891
1683975921
1683975951
1683975981
1683976011
1683976041
1683976071
1683976101
1683976131
1683976161
1683976191
1683976221
1683976251
1683976281
1683976311
1683976341
1683976371
1683976401
1683976431
1683976461
1683976491
1683976521
1683976551
1683976581
1683976611
1683976641
1683976671
1683976701
1683976731
1683976761
1683976791
1683976821
1683976851
1683976881
1683976911
1683976941
1683976971
1683977001
1683977031
1683977061
1683977091
1683977121
1683977151
1683977181
1683977211
1683977241
1683977271
1683977301
1683977331
1683977361
1683977391
1683977421
1683977451
1683977481
1683977511
1683977541
1683977571
1683977601
1683977631
1683977661
1683977691
1683977721
1683977751
1683977781
1683977811
1683977841
1683977871
1683977901
1683977931
1683977961
1683977991
1683978021
1683978051
1683978081
1683978111
1683978141
1683978171
1683978201
1683978231
1683978261
1683978291
1683978321
1683978351
1683978381
1683978411
1683978441
1683978471
1683978501
1683978531
1683978561
1683978591
1683978621
1683978651
1683978681
1683978711
1683978741
1683978771
1683978801
1683978831
1683978861
1683978891
1683978921
1683978951
1683978981
1683979011
1683979041
1683979071
1683979101
1683979131
1683979161
1683979191
1683979221
1683979251
1683979281
1683979311
1683979341
1683979371
1683979401
1683979431
1683979461
1683979491
1683979521
1683979551
1683979581
1683979611
1683979641
1683979671
1683979701
1683979731
1683979761
1683979791
1683979821
1683979851
1683979881
1683979911
1683979941
1683979971
1683980001
1683980031
1683980061
1683980091
1683980121
1683980151
1683980181
1683980211
1683980241
1683980271
1683980301
1683980331
1683980361
1683980391
1683980421
1683980451
1683980481
1683980511
1683980541
1683980571
1683980601
1683980631
1683980661
1683980691
1683980721
1683980751
1683980781
1683980811
1683980841
1683980871
1683980901
1683980931
1683980961
1683980991
1683981021
1683981051
1683981081
1683981111
1683981141
1683981171
1683981201
1683981231
1683981261
1683981291
1683981321
1683981351
1683981381
1683981411
1683981441
1683981471
1683981501
1683981531
1683981561
1683981591
1683981621
1683981651
1683981681
1683981711
1683981741
1683981771
1683981801
1683981831
1683981861
1683981891
1683981921
1683981951
1683981981
1683982011
1683982041
1683982071
1683982101
1683982131
1683982161
1683982191
1683982221
1683982251
1683982281
1683982311
1683982341
1683982371
1683982401
1683982431
1683982461
1683982491
1683982521
1683982551
1683982581
1683982611
1683982641
1683982671
1683982701
1683982731
1683982761
1683982791
1683982821
1683982851
1683982881
1683982911
1683982941
1683982971
1683983001
1683983031
1683983061
1683983091
1683983121
1683983151
1683983181
1683983211
1683983241
1683983271
1683983301
1683983331
1683983361
1683983391
1683983421
1683983451
1683983481
1683983511
1683983541
1683983571
1683983601
1683983631
1683983661
1683983691
1683983721
1683983751
1683983781
1683983811
1683983841
1683983871
1683983901
1683983931
1683983961
1683983991
1683984021
1683984051
1683984081
1683984111
1683984141
1683984171
1683984201
1683984231
1683984261
1683984291
1683984321
1683984351
1683984381
1683984411
1683984441
1683984471
1683984501
1683984531
1683984561
1683984591
1683984621
1683984651
1683984681
1683984711
1683984741
1683984771
1683984801
1683984831
1683984861
1683984891
1683984921
1683984951
1683984981
1683985011
1683985041
1683985071
1683985101
1683985131
1683985161
1683985191
1683985221
1683985251
1683985281
1683985311
1683985341
1683985371
1683985401
1683985431
1683985461
1683985491
1683985521
1683985551
1683985581
1683985611
1683985641
1683985671
1683985701
1683985731
1683985761
1683985791
1683985821
1683985851
1683985881
1683985911
1683985941
1683985971
1683986001
1683986031
1683986061
1683986091
1683986121
1683986151
1683986181
1683986211
1683986241
1683986271
1683986301
1683986331
1683986361
1683986391
1683986421
1683986451
1683986481
1683986511
1683986541
1683986571
1683986601
1683986631
1683986661
1683986691
1683986721
1683986751
1683986781
1683986811
1683986841
1683986871
1683986901
1683986931
1683986961
1683986991
1683987021
1683987051
1683987081
1683987111
1683987141
1683987171
1683987201
1683987231
1683987261
1683987291
1683987321
1683987351
1683987381
1683987411
1683987441
1683987471
1683987501
1683987531
1683987561
1683987591
1683987621
1683987651
1683987681
1683987711
1683987741
1683987771
1683987801
1683987831
1683987861
1683987891
1683987921
1683987951
1683987981
1683988011
1683988041
1683988071
1683988101
1683988131
1683988161
1683988191
1683988221
1683988251
1683988281
1683988311
1683988341
1683988371
1683988401
1683988431
1683988461
1683988491
1683988521
1683988551
1683988581
1683988611
1683988641
1683988671
1683988701
1683988731
1683988761
1683988791
1683988821
1683988851
1683988881
1683988911
1683988941
1683988971
1683989001
1683989031
1683989061
1683989091
1683989121
1683989151
1683989181
1683989211
1683989241
1683989271
1683989301
1683989331
1683989361
1683989391
1683989421
1683989451
1683989481
1683989511
1683989541
1683989571
1683989601
1683989631
1683989661
1683989691
1683989721
1683989751
1683989781
1683989811
1683989841
1683989871
1683989901
1683989931
1683989961
1683989991
1683990021
1683990051
1683990081
1683990111
1683990141
1683990171
1683990201
1683990231
1683990261
1683990291
1683990321
1683990351
1683990381
1683990411
1683990441
1683990471
1683990501
1683990531
1683990561
1683990591
1683990621
1683990651
1683990681
1683990711
1683990741
1683990771
1683990801
1683990831
1683990861
1683990891
1683990921
1683990951
1683990981
1683991011
1683991041
1683991071
1683991101
1683991131
1683991161
1683991191
1683991221
1683991251
1683991281
1683991311
1683991341
1683991371
1683991401
1683991431
1683991461
1683991491
1683991521
1683991551
1683991581
1683991611
1683991641
1683991671
1683991701
1683991731
1683991761
1683991791
1683991821
1683991851
1683991881
1683991911
1683991941
1683991971
1683992001
1683992031
1683992061
1683992091
1683992121
1683992151
1683992181
1683992211
1683992241
1683992271
1683992301
1683992331
1683992361
1683992391
1683992421
1683992451
1683992481
1683992511
1683992541
1683992571
1683992601
1683992631
1683992661
1683992691
1683992721
1683992751
1683992781
1683992811
1683992841
1683992871
1683992901
1683992931
1683992961
1683992991
1683993021
1683993051
1683993081
1683993111
1683993141
1683993171
1683993201
1683993231
1683993261
1683993291
1683993321
1683993351
1683993381
1683993411
1683993441
1683993471
1683993501
1683993531
1683993561
1683993591
1683993621
1683993651
1683993681
1683993711
1683993741
1683993771
1683993801
1683993831
1683993861
1683993891
1683993921
1683993951
1683993981
1683994011
1683994041
1683994071
1683994101
1683994131
1683994161
1683994191
1683994221
1683994251
1683994281
1683994311
1683994341
1683994371
1683994401
1683994431
1683994461
1683994491
1683994521
1683994551
1683994581
1683994611
1683994641
1683994671
1683994701
1683994731
1683994761
1683994791
1683994821
1683994851
1683994881
1683994911
1683994941
1683994971
1683995001
1683995031
1683995061
1683995091
1683995121
1683995151
1683995181
1683995211
1683995241
1683995271
1683995301
1683995331
1683995361
1683995391
1683995421
1683995451
1683995481
1683995511
1683995541
1683995571
1683995601
1683995631
1683995661
1683995691
1683995721
1683995751
1683995781
1683995811
1683995841
1683995871
1683995901
1683995931
1683995961
1683995991
1683996021
1683996051
1683996081
1683996111
1683996141
1683996171
1683996201
1683996231
1683996261
1683996291
1683996321
1683996351
1683996381
1683996411
1683996441
1683996471
1683996501
1683996531
1683996561
1683996591
1683996621
1683996651
1683996681
1683996711
1683996741
1683996771
1683996801
1683996831
1683996861
1683996891
1683996921
1683996951
1683996981
1683997011
1683997041
1683997071
1683997101
1683997131
1683997161
1683997191
1683997221
1683997251
1683997281
1683997311
1683997341
1683997371
1683997401
1683997431
1683997461
1683997491
1683997521
1683997551
1683997581
1683997611
1683997641
1683997671
1683997701
1683997731
1683997761
1683997791
1683997821
1683997851
1683997881
1683997911
1683997941
1683997971
1683998001
1683998031
1683998061
1683998091
1683998121
1683998151
1683998181
1683998211
1683998241
1683998271
1683998301
1683998331
1683998361
1683998391
1683998421
1683998451
1683998481
1683998511
1683998541
1683998571
1683998601
1683998631
1683998661
1683998691
1683998721
1683998751
1683998781
1683998811
1683998841
1683998871
1683998901
1683998931
1683998961
1683998991
1683999021
1683999051
1683999081
1683999111
1683999141
1683999171
1683999201
1683999231
1683999261
1683999291
1683999321
1683999351
1683999381
1683999411
1683999441
1683999471
1683999501
1683999531
1683999561
1683999591
1683999621
1683999651
1683999681
1683999711
1683999741
1683999771
1683999801
1683999831
1683999861
1683999891
1683999921
1683999951
1683999981
1684000011
1684000041
1684000071
1684000101
1684000131
1684000161
1684000191
1684000221
1684000251
1684000281
1684000311
1684000341
1684000371
1684000401
1684000431
1684000461
1684000491
1684000521
1684000551
1684000581
1684000611
1684000641
1684000671
1684000701
1684000731
1684000761
1684000791
1684000821
1684000851
1684000881
1684000911
1684000941
1684000971
1684001001
1684001031
1684001061
1684001091
1684001121
1684001151
1684001181
1684001211
1684001241
1684001271
1684001301
1684001331
1684001361
1684001391
1684001421
1684001451
1684001481
1684001511
1684001541
1684001571
1684001601
1684001631
1684001661
1684001691
1684001721
1684001751
1684001781
1684001811
1684001841
1684001871
1684001901
1684001931
1684001961
1684001991
1684002021
1684002051
1684002081
1684002111
1684002141
1684002171
1684002201
1684002231
1684002261
1684002291
1684002321
1684002351
1684002381
1684002411
1684002441
1684002471
1684002501
1684002531
1684002561
1684002591
1684002621
1684002651
1684002681
1684002711
1684002741
1684002771
1684002801
1684002831
1684002861
1684002891
1684002921
1684002951
1684002981
1684003011
1684003041
1684003071
1684003101
1684003131
1684003161
1684003191
1684003221
1684003251
1684003281
1684003311
1684003341
1684003371
1684003401
1684003431
1684003461
1684003491
1684003521
1684003551
1684003581
1684003611
1684003641
1684003671
1684003701
1684003731
1684003761
1684003791
1684003821
1684003851
1684003881
1684003911
1684003941
1684003971
1684004001
1684004031
1684004061
1684004091
1684004121
1684004151
1684004181
1684004211
1684004241
1684004271
1684004301
1684004331
1684004361
1684004391
1684004421
1684004451
1684004481
1684004511
1684004541
1684004571
1684004601
1684004631
1684004661
1684004691
1684004721
1684004751
1684004781
1684004811
1684004841
1684004871
1684004901
1684004931
1684004961
1684004991
1684005021
1684005051
1684005081
1684005111
1684005141
1684005171
1684005201
1684005231
1684005261
1684005291
1684005321
1684005351
1684005381
1684005411
1684005441
1684005471
1684005501
1684005531
1684005561
1684005591
1684005621
1684005651
1684005681
1684005711
1684005741
1684005771
1684005801
1684005831
1684005861
1684005891
1684005921
1684005951
1684005981
1684006011
1684006041
1684006071
1684006101
1684006131
1684006161
1684006191
1684006221
1684006251
1684006281
1684006311
1684006341
1684006371
1684006401
1684006431
1684006461
1684006491
1684006521
1684006551
1684006581
1684006611
1684006641
1684006671
1684006701
1684006731
1684006761
1684006791
1684006821
1684006851
1684006881
1684006911
1684006941
1684006971
1684007001
1684007031
1684007061
1684007091
1684007121
1684007151
1684007181
1684007211
1684007241
1684007271
1684007301
1684007331
1684007361
1684007391
1684007421
1684007451
1684007481
1684007511
1684007541
1684007571
1684007601
1684007631
1684007661
1684007691
1684007721
1684007751
1684007781
1684007811
1684007841
1684007871
1684007901
1684007931
1684007961
1684007991
1684008021
1684008051
1684008081
1684008111
1684008141
1684008171
1684008201
1684008231
1684008261
1684008291
1684008321
1684008351
1684008381
1684008411
1684008441
1684008471
1684008501
1684008531
1684008561
1684008591
1684008621
1684008651
1684008681
1684008711
1684008741
1684008771
1684008801
1684008831
1684008861
1684008891
1684008921
1684008951
1684008981
1684009011
1684009041
1684009071
1684009101
1684009131
1684009161
1684009191
1684009221
1684009251
1684009281
1684009311
1684009341
1684009371
1684009401
1684009431
1684009461
1684009491
1684009521
1684009551
1684009581
1684009611
1684009641
1684009671
1684009701
1684009731
1684009761
1684009791
1684009821
1684009851
1684009881
1684009911
1684009941
1684009971
1684010001
1684010031
1684010061
1684010091
1684010121
1684010151
1684010181
1684010211
1684010241
1684010271
1684010301
1684010331
1684010361
1684010391
1684010421
1684010451
1684010481
1684010511
1684010541
1684010571
1684010601
1684010631
1684010661
1684010691
1684010721
1684010751
1684010781
1684010811
1684010841
1684010871
1684010901
1684010931
1684010961
1684010991
1684011021
1684011051
1684011081
1684011111
1684011141
1684011171
1684011201
1684011231
1684011261
1684011291
1684011321
1684011351
1684011381
1684011411
1684011441
1684011471
1684011501
1684011531
1684011561
1684011591
1684011621
1684011651
1684011681
1684011711
1684011741
1684011771
1684011801
1684011831
1684011861
1684011891
1684011921
1684011951
1684011981
1684012011
1684012041
1684012071
1684012101
1684012131
1684012161
1684012191
1684012221
1684012251
1684012281
1684012311
1684012341
1684012371
1684012401
1684012431
1684012461
1684012491
1684012521
1684012551
1684012581
1684012611
1684012641
1684012671
1684012701
1684012731
1684012761
1684012791
1684012821
1684012851
1684012881
1684012911
1684012941
1684012971
1684013001
1684013031
1684013061
1684013091
1684013121
1684013151
1684013181
1684013211
1684013241
1684013271
1684013301
1684013331
1684013361
1684013391
1684013421
1684013451
1684013481
1684013511
1684013541
1684013571
1684013601
1684013631
1684013661
1684013691
1684013721
1684013751
1684013781
1684013811
1684013841
1684013871
1684013901
1684013931
1684013961
1684013991
1684014021
1684014051
1684014081
1684014111
1684014141
1684014171
1684014201
1684014231
1684014261
1684014291
1684014321
1684014351
1684014381
1684014411
1684014441
1684014471
1684014501
1684014531
1684014561
1684014591
1684014621
1684014651
1684014681
1684014711
1684014741
1684014771
1684014801
1684014831
1684014861
1684014891
1684014921
1684014951
1684014981
1684015011
1684015041
1684015071
1684015101
1684015131
1684015161
1684015191
1684015221
1684015251
1684015281
1684015311
1684015341
1684015371
1684015401
1684015431
1684015461
1684015491
1684015521
1684015551
1684015581
1684015611
1684015641
1684015671
1684015701
1684015731
1684015761
1684015791
1684015821
1684015851
1684015881
1684015911
1684015941
1684015971
1684016001
1684016031
1684016061
1684016091
1684016121
1684016151
1684016181
1684016211
1684016241
1684016271
1684016301
1684016331
1684016361
1684016391
1684016421
1684016451
1684016481
1684016511
1684016541
1684016571
1684016601
1684016631
1684016661
1684016691
1684016721
1684016751
1684016781
1684016811
1684016841
1684016871
1684016901
1684016931
1684016961
1684016991
1684017021
1684017051
1684017081
1684017111
1684017141
1684017171
1684017201
1684017231
1684017261
1684017291
1684017321
1684017351
1684017381
1684017411
1684017441
1684017471
1684017501
1684017531
1684017561
1684017591
1684017621
1684017651
1684017681
1684017711
1684017741
1684017771
1684017801
1684017831
1684017861
1684017891
1684017921
1684017951
1684017981
1684018011
1684018041
1684018071
1684018101
1684018131
1684018161
1684018191
1684018221
1684018251
1684018281
1684018311
1684018341
1684018371
1684018401
1684018431
1684018461
1684018491
1684018521
1684018551
1684018581
1684018611
1684018641
1684018671
1684018701
1684018731
1684018761
1684018791
1684018821
1684018851
1684018881
1684018911
1684018941
1684018971
1684019001
1684019031
1684019061
1684019091
1684019121
1684019151
1684019181
1684019211
1684019241
1684019271
1684019301
1684019331
1684019361
1684019391
1684019421
1684019451
1684019481
1684019511
1684019541
1684019571
1684019601
1684019631
1684019661
1684019691
1684019721
1684019751
1684019781
1684019811
1684019841
1684019871
1684019901
1684019931
1684019961
1684019991
1684020021
1684020051
1684020081
1684020111
1684020141
1684020171
1684020201
1684020231
1684020261
1684020291
1684020321
1684020351
1684020381
1684020411
1684020441
1684020471
1684020501
1684020531
1684020561
1684020591
1684020621
1684020651
1684020681
1684020711
1684020741
1684020771
1684020801
1684020831
1684020861
1684020891
1684020921
1684020951
1684020981
1684021011
1684021041
1684021071
1684021101
1684021131
1684021161
1684021191
1684021221
1684021251
1684021281
1684021311
1684021341
1684021371
1684021401
1684021431
1684021461
1684021491
1684021521
1684021551
1684021581
1684021611
1684021641
1684021671
1684021701
1684021731
1684021761
1684021791
1684021821
1684021851
1684021881
1684021911
1684021941
1684021971
1684022001
1684022031
1684022061
1684022091
1684022121
1684022151
1684022181
1684022211
1684022241
1684022271
1684022301
1684022331
1684022361
1684022391
1684022421
1684022451
1684022481
1684022511
1684022541
1684022571
1684022601
1684022631
1684022661
1684022691
1684022721
1684022751
1684022781
1684022811
1684022841
1684022871
1684022901
1684022931
1684022961
1684022991
1684023021
1684023051
1684023081
1684023111
1684023141
1684023171
1684023201
1684023231
1684023261
1684023291
1684023321
1684023351
1684023381
1684023411
1684023441
1684023471
1684023501
1684023531
1684023561
1684023591
1684023621
1684023651
1684023681
1684023711
1684023741
1684023771
1684023801
1684023831
1684023861
1684023891
1684023921
1684023951
1684023981
1684024011
1684024041
1684024071
1684024101
1684024131
1684024161
1684024191
1684024221
1684024251
1684024281
1684024311
1684024341
1684024371
1684024401
1684024431
1684024461
1684024491
1684024521
1684024551
1684024581
1684024611
1684024641
1684024671
1684024701
1684024731
1684024761
1684024791
1684024821
1684024851
1684024881
1684024911
1684024941
1684024971
1684025001
1684025031
1684025061
1684025091
1684025121
1684025151
1684025181
1684025211
1684025241
1684025271
1684025301
1684025331
1684025361
1684025391
1684025421
1684025451
1684025481
1684025511
1684025541
1684025571
1684025601
1684025631
1684025661
1684025691
1684025721
1684025751
1684025781
1684025811
1684025841
1684025871
1684025901
1684025931
1684025961
1684025991
1684026021
1684026051
1684026081
1684026111
1684026141
1684026171
1684026201
1684026231
1684026261
1684026291
1684026321
1684026351
1684026381
1684026411
1684026441
1684026471
1684026501
1684026531
1684026561
1684026591
1684026621
1684026651
1684026681
1684026711
1684026741
1684026771
1684026801
1684026831
1684026861
1684026891
1684026921
1684026951
1684026981
1684027011
1684027041
1684027071
1684027101
1684027131
1684027161
1684027191
1684027221
1684027251
1684027281
1684027311
1684027341
1684027371
1684027401
1684027431
1684027461
1684027491
1684027521
1684027551
1684027581
1684027611
1684027641
1684027671
1684027701
1684027731
1684027761
1684027791
1684027821
1684027851
1684027881
1684027911
1684027941
1684027971
1684028001
1684028031
1684028061
1684028091
1684028121
1684028151
1684028181
1684028211
1684028241
1684028271
1684028301
1684028331
1684028361
1684028391
1684028421
1684028451
1684028481
1684028511
1684028541
1684028571
1684028601
1684028631
1684028661
1684028691
1684028721
1684028751
1684028781
1684028811
1684028841
1684028871
1684028901
1684028931
1684028961
1684028991
1684029021
1684029051
1684029081
1684029111
1684029141
1684029171
1684029201
1684029231
1684029261
1684029291
1684029321
1684029351
1684029381
1684029411
1684029441
1684029471
1684029501
1684029531
1684029561
1684029591
1684029621
1684029651
1684029681
1684029711
1684029741
1684029771
1684029801
1684029831
1684029861
1684029891
1684029921
1684029951
1684029981
1684030011
1684030041
1684030071
1684030101
1684030131
1684030161
1684030191
1684030221
1684030251
1684030281
1684030311
1684030341
1684030371
1684030401
1684030431
1684030461
1684030491
1684030521
1684030551
1684030581
1684030611
1684030641
1684030671
1684030701
1684030731
1684030761
1684030791
1684030821
1684030851
1684030881
1684030911
1684030941
1684030971
1684031001
1684031031
1684031061
1684031091
1684031121
1684031151
1684031181
1684031211
1684031241
1684031271
1684031301
1684031331
1684031361
1684031391
1684031421
1684031451
1684031481
1684031511
1684031541
1684031571
1684031601
1684031631
1684031661
1684031691
1684031721
1684031751
1684031781
1684031811
1684031841
1684031871
1684031901
1684031931
1684031961
1684031991
1684032021
1684032051
1684032081
1684032111
1684032141
1684032171
1684032201
1684032231
1684032261
1684032291
1684032321
1684032351
1684032381
1684032411
1684032441
1684032471
1684032501
1684032531
1684032561
1684032591
1684032621
1684032651
1684032681
1684032711
1684032741
1684032771
1684032801
1684032831
1684032861
1684032891
1684032921
1684032951
1684032981
1684033011
1684033041
1684033071
1684033101
1684033131
1684033161
1684033191
1684033221
1684033251
1684033281
1684033311
1684033341
1684033371
1684033401
1684033431
1684033461
1684033491
1684033521
1684033551
1684033581
1684033611
1684033641
1684033671
1684033701
1684033731
1684033761
1684033791
1684033821
1684033851
1684033881
1684033911
1684033941
1684033971
1684034001
1684034031
1684034061
1684034091
1684034121
1684034151
1684034181
1684034211
1684034241
1684034271
1684034301
1684034331
1684034361
1684034391
1684034421
1684034451
1684034481
1684034511
1684034541
1684034571
1684034601
1684034631
1684034661
1684034691
1684034721
1684034751
1684034781
1684034811
1684034841
1684034871
1684034901
1684034931
1684034961
1684034991
1684035021
1684035051
1684035081
1684035111
1684035141
1684035171
1684035201
1684035231
1684035261
1684035291
1684035321
1684035351
1684035381
1684035411
1684035441
1684035471
1684035501
1684035531
1684035561
1684035591
1684035621
1684035651
1684035681
1684035711
1684035741
1684035771
1684035801
1684035831
1684035861
1684035891
1684035921
1684035951
1684035981
1684036011
1684036041
1684036071
1684036101
1684036131
1684036161
1684036191
1684036221
1684036251
1684036281
1684036311
1684036341
1684036371
1684036401
1684036431
1684036461
1684036491
1684036521
1684036551
1684036581
1684036611
1684036641
1684036671
1684036701
1684036731
1684036761
1684036791
1684036821
1684036851
1684036881
1684036911
1684036941
1684036971
1684037001
1684037031
1684037061
1684037091
1684037121
1684037151
1684037181
1684037211
1684037241
1684037271
1684037301
1684037331
1684037361
1684037391
1684037421
1684037451
1684037481
1684037511
1684037541
1684037571
1684037601
1684037631
1684037661
1684037691
1684037721
1684037751
1684037781
1684037811
1684037841
1684037871
1684037901
1684037931
1684037961
1684037991
1684038021
1684038051
1684038081
1684038111
1684038141
1684038171
1684038201
1684038231
1684038261
1684038291
1684038321
1684038351
1684038381
1684038411
1684038441
1684038471
1684038501
1684038531
1684038561
1684038591
1684038621
1684038651
1684038681
1684038711
1684038741
1684038771
1684038801
1684038831
1684038861
1684038891
1684038921
1684038951
1684038981
1684039011
1684039041
1684039071
1684039101
1684039131
1684039161
1684039191
1684039221
1684039251
1684039281
1684039311
1684039341
1684039371
1684039401
1684039431
1684039461
1684039491
1684039521
1684039551
1684039581
1684039611
1684039641
1684039671
1684039701
1684039731
1684039761
1684039791
1684039821
1684039851
1684039881
1684039911
1684039941
1684039971
1684040001
1684040031
1684040061
1684040091
1684040121
1684040151
1684040181
1684040211
1684040241
1684040271
1684040301
1684040331
1684040361
1684040391
1684040421
1684040451
1684040481
1684040511
1684040541
1684040571
1684040601
1684040631
1684040661
1684040691
1684040721
1684040751
1684040781
1684040811
1684040841
1684040871
1684040901
1684040931
1684040961
1684040991
1684041021
1684041051
1684041081
1684041111
1684041141
1684041171
1684041201
1684041231
1684041261
1684041291
1684041321
1684041351
1684041381
1684041411
1684041441
1684041471
1684041501
1684041531
1684041561
1684041591
1684041621
1684041651
1684041681
1684041711
1684041741
1684041771
1684041801
1684041831
1684041861
1684041891
1684041921
1684041951
1684041981
1684042011
1684042041
1684042071
1684042101
1684042131
1684042161
1684042191
1684042221
1684042251
1684042281
1684042311
1684042341
1684042371
1684042401
1684042431
1684042461
1684042491
1684042521
1684042551
1684042581
1684042611
1684042641
1684042671
1684042701
1684042731
1684042761
1684042791
1684042821
1684042851
1684042881
1684042911
1684042941
1684042971
1684043001
1684043031
1684043061
1684043091
1684043121
1684043151
1684043181
1684043211
1684043241
1684043271
1684043301
1684043331
1684043361
1684043391
1684043421
1684043451
1684043481
1684043511
1684043541
1684043571
1684043601
1684043631
1684043661
1684043691
1684043721
1684043751
1684043781
1684043811
1684043841
1684043871
1684043901
1684043931
1684043961
1684043991
1684044021
1684044051
1684044081
1684044111
1684044141
1684044171
1684044201
1684044231
1684044261
1684044291
1684044321
1684044351
1684044381
1684044411
1684044441
1684044471
1684044501
1684044531
1684044561
1684044591
1684044621
1684044651
1684044681
1684044711
1684044741
1684044771
1684044801
1684044831
1684044861
1684044891
1684044921
1684044951
1684044981
1684045011
1684045041
1684045071
1684045101
1684045131
1684045161
1684045191
1684045221
1684045251
1684045281
1684045311
1684045341
1684045371
1684045401
1684045431
1684045461
1684045491
1684045521
1684045551
1684045581
1684045611
1684045641
1684045671
1684045701
1684045731
1684045761
1684045791
1684045821
1684045851
1684045881
1684045911
1684045941
1684045971
1684046001
1684046031
1684046061
1684046091
1684046121
1684046151
1684046181
1684046211
1684046241
1684046271
1684046301
1684046331
1684046361
1684046391
1684046421
1684046451
1684046481
1684046511
1684046541
1684046571
1684046601
1684046631
1684046661
1684046691
1684046721
1684046751
1684046781
1684046811
1684046841
1684046871
1684046901
1684046931
1684046961
1684046991
1684047021
1684047051
1684047081
1684047111
1684047141
1684047171
1684047201
1684047231
1684047261
1684047291
1684047321
1684047351
1684047381
1684047411
1684047441
1684047471
1684047501
1684047531
1684047561
1684047591
1684047621
1684047651
1684047681
1684047711
1684047741
1684047771
1684047801
1684047831
1684047861
1684047891
1684047921
1684047951
1684047981
1684048011
1684048041
1684048071
1684048101
1684048131
1684048161
1684048191
1684048221
1684048251
1684048281
1684048311
1684048341
1684048371
1684048401
1684048431
1684048461
1684048491
1684048521
1684048551
1684048581
1684048611
1684048641
1684048671
1684048701
1684048731
1684048761
1684048791
1684048821
1684048851
1684048881
1684048911
1684048941
1684048971
1684049001
1684049031
1684049061
1684049091
1684049121
1684049151
1684049181
1684049211
1684049241
1684049271
1684049301
1684049331
1684049361
1684049391
1684049421
1684049451
1684049481
1684049511
1684049541
1684049571
1684049601
1684049631
1684049661
1684049691
1684049721
1684049751
1684049781
1684049811
1684049841
1684049871
1684049901
1684049931
1684049961
1684049991
1684050021
1684050051
1684050081
1684050111
1684050141
1684050171
1684050201
1684050231
1684050261
1684050291
1684050321
1684050351
1684050381
1684050411
1684050441
1684050471
1684050501
1684050531
1684050561
1684050591
1684050621
1684050651
1684050681
1684050711
1684050741
1684050771
1684050801
1684050831
1684050861
1684050891
1684050921
1684050951
1684050981
1684051011
1684051041
1684051071
1684051101
1684051131
1684051161
1684051191
1684051221
1684051251
1684051281
1684051311
1684051341
1684051355.490 [ERROR] (connection_pool.cpp:272:void datastax::internal::core::ConnectionPool::on_reconnect(datastax::internal::core::DelayedConnector*)): Closing established connection pool to host 10.2.206.30 because of the following error: Received error response 'Provided username jdhuang+1-at-900212707297 and/or password are incorrect' (0x02000100)
1684051367.427 [ERROR] (connection_pool.cpp:272:void datastax::internal::core::ConnectionPool::on_reconnect(datastax::internal::core::DelayedConnector*)): Closing established connection pool to host 10.2.216.146 because of the following error: Received error response 'Provided username jdhuang+1-at-900212707297 and/or password are incorrect' (0x02000100)
1684051370.182 [ERROR] (connection_pool.cpp:272:void datastax::internal::core::ConnectionPool::on_reconnect(datastax::internal::core::DelayedConnector*)): Closing established connection pool to host 10.2.180.144 because of the following error: Received error response 'Provided username jdhuang+1-at-900212707297 and/or password are incorrect' (0x02000100)
1684051371
1684051383.062 [WARN] (cluster.cpp:763:virtual void datastax::internal::core::Cluster::on_close(datastax::internal::core::ControlConnection*)): Lost control connection to host 10.2.216.146
1684051401
1684051431
1684051461
1684051491
1684051521
1684051551
1684051581
1684051611
1684051641
1684051671
1684051701
1684051731
1684051761
1684051791
1684051821
1684051851
1684051881
1684051911
1684051941
1684051971
1684052001
1684052031
1684052061
1684052091
1684052121
1684052151
1684052181
1684052211
1684052241
1684052271
1684052301
1684052331
1684052361
1684052391
1684052421
1684052451
1684052481
1684052511
1684052541
1684052571
1684052601
1684052631
1684052661
1684052691
1684052721
1684052751
1684052781
1684052811
1684052841
1684052871
1684052901
1684052931
1684052961
1684052991
1684053021
1684053051
1684053081
1684053111
1684053141
1684053171
1684053201
1684053231
1684053261
1684053291
1684053321
1684053351
1684053381
1684053411
1684053441
1684053471
1684053501
1684053531
1684053561
1684053591
1684053621
1684053651
1684053681
1684053711
1684053741
1684053771
1684053801
1684053831
1684053861
1684053891
1684053921
1684053951
1684053981
1684054011
1684054041
1684054071
1684054101
1684054131
1684054161
1684054191
1684054221
1684054251
1684054281
1684054311
1684054341
1684054371
1684054401
1684054431
1684054461
1684054491
1684054521
1684054551
1684054581
1684054611
1684054641
1684054671
1684054701
1684054731
1684054761
1684054791
1684054821
1684054851
1684054881
1684054911
1684054941
1684054971
1684055001
1684055031
1684055061
1684055091
1684055121
1684055151
1684055181
1684055211
1684055241
1684055271
1684055301
1684055331
1684055361
1684055391
1684055421
1684055451
1684055481
1684055511
1684055541
1684055571
1684055601
1684055631
1684055661
1684055691
1684055721
1684055751
1684055781
1684055811
1684055841
1684055871
1684055901
1684055931
1684055961
1684055991
1684056021
1684056051
1684056081
1684056111
1684056141
1684056171
1684056201
1684056231
1684056261
1684056291
1684056321
1684056351
1684056381
1684056411
1684056441
1684056471
1684056501
1684056531
1684056561
1684056591
1684056621
1684056651
1684056681
1684056711
1684056741
1684056771
1684056801
1684056831
1684056861
1684056891
1684056921
1684056951
1684056981
1684057011
1684057041
1684057071
1684057101
1684057131
1684057161
1684057191
1684057221
1684057251
1684057281
1684057311
1684057341
1684057371
1684057401
1684057431
1684057461
1684057491
1684057521
1684057551
1684057581
1684057611
1684057641
1684057671
1684057701
1684057731
1684057761
1684057791
1684057821
1684057851
1684057881
1684057911
1684057941
1684057971
1684058001
1684058031
1684058061
1684058091
1684058121
1684058151
1684058181
1684058211
1684058241
1684058271
1684058301
1684058331
1684058361
1684058391
1684058421
1684058451
1684058481
1684058511
1684058541
1684058571
1684058601
1684058631
1684058661
1684058691
1684058721
1684058751
1684058781
1684058811
1684058841
1684058871
1684058901
1684058931
1684058961
1684058991
1684059021
1684059051
1684059081
1684059111
1684059141
1684059171
1684059201
1684059231
1684059261
1684059291
1684059321
1684059351
1684059381
1684059411
1684059441
1684059471
1684059501
1684059531
1684059561
1684059591
1684059621
1684059651
1684059681
1684059711
