1683922244
1683922274
1683922304
1683922334
1683922364
1683922394
1683922424
1683922454
1683922484
1683922514
1683922544
1683922574
1683922604
1683922634
1683922664
1683922694
1683922724
1683922754
1683922784
1683922814
1683922844
1683922874
1683922904
1683922934
1683922964
1683922994
1683923024
1683923054
1683923084
1683923114
1683923144
1683923174
1683923204
1683923234
1683923264
1683923294
1683923324
1683923354
1683923384
1683923414
1683923444
1683923474
1683923504
1683923534
1683923564
1683923594
1683923624
1683923654
1683923684
1683923714
1683923744
1683923774
1683923804
1683923834
1683923864
1683923894
1683923924
1683923954
1683923984
1683924014
1683924044
1683924074
1683924104
1683924134
1683924164
1683924194
1683924224
1683924254
1683924284
1683924314
1683924344
1683924374
1683924404
1683924434
1683924464
1683924494
1683924524
1683924554
1683924584
1683924614
1683924644
1683924674
1683924704
1683924734
1683924764
1683924794
1683924824
1683924854
1683924884
1683924914
1683924944
1683924974
1683925004
1683925034
1683925064
1683925094
1683925124
1683925154
1683925184
1683925214
1683925244
1683925274
1683925304
1683925334
1683925364
1683925394
1683925424
1683925454
1683925484
1683925514
1683925544
1683925574
1683925604
1683925634
1683925664
1683925694
1683925724
1683925754
1683925784
1683925814
1683925844
1683925874
1683925904
1683925934
1683925964
1683925994
1683926024
1683926054
1683926084
1683926114
1683926144
1683926174
1683926204
1683926234
1683926264
1683926294
1683926324
1683926354
1683926384
1683926414
1683926444
1683926474
1683926504
1683926534
1683926564
1683926594
1683926624
1683926654
1683926684
1683926714
1683926744
1683926774
1683926804
1683926834
1683926864
1683926894
1683926924
1683926954
1683926984
1683927014
1683927044
1683927074
1683927104
1683927134
1683927164
1683927194
1683927224
1683927254
1683927284
1683927314
1683927344
1683927374
1683927404
1683927434
1683927464
1683927494
1683927524
1683927554
1683927584
1683927614
1683927644
1683927674
1683927704
1683927734
1683927764
1683927794
1683927824
1683927854
1683927884
1683927914
1683927944
1683927974
1683928004
1683928034
1683928064
1683928094
1683928124
1683928154
1683928184
1683928214
1683928244
1683928274
1683928304
1683928334
1683928364
1683928394
1683928424
1683928454
1683928484
1683928514
1683928544
1683928574
1683928604
1683928634
1683928664
1683928694
1683928724
1683928754
1683928784
1683928814
1683928844
1683928874
1683928904
1683928934
1683928964
1683928994
1683929024
1683929054
1683929084
1683929114
1683929144
1683929174
1683929204
1683929234
1683929264
1683929294
1683929324
1683929354
1683929384
1683929414
1683929444
1683929474
1683929504
1683929534
1683929564
1683929594
1683929624
1683929654
1683929684
1683929714
1683929744
1683929774
1683929804
1683929834
1683929864
1683929894
1683929924
1683929954
1683929984
1683930014
1683930044
1683930074
1683930104
1683930134
1683930164
1683930194
1683930224
1683930254
1683930284
1683930314
1683930344
1683930374
1683930404
1683930434
1683930464
1683930494
1683930524
1683930554
1683930584
1683930614
1683930644
1683930674
1683930704
1683930734
1683930764
1683930794
1683930824
1683930854
1683930884
1683930914
1683930944
1683930974
1683931004
1683931034
1683931064
1683931094
1683931124
1683931154
1683931184
1683931214
1683931244
1683931274
1683931304
1683931334
1683931364
1683931394
1683931424
1683931454
1683931484
1683931514
1683931544
1683931574
1683931604
1683931634
1683931664
1683931694
1683931724
1683931754
1683931784
1683931814
1683931844
1683931874
1683931904
1683931934
1683931964
1683931994
1683932024
1683932054
1683932084
1683932114
1683932144
1683932174
1683932204
1683932234
1683932264
1683932294
1683932324
1683932354
1683932384
1683932414
1683932444
1683932474
1683932504
1683932534
1683932564
1683932594
1683932624
1683932654
1683932684
1683932714
1683932744
1683932774
1683932804
1683932834
1683932864
1683932894
1683932924
1683932954
1683932984
1683933014
1683933044
1683933074
1683933104
1683933134
1683933164
1683933194
1683933224
1683933254
1683933284
1683933314
1683933344
1683933374
1683933404
1683933434
1683933464
1683933494
1683933524
1683933554
1683933584
1683933614
1683933644
1683933674
1683933704
1683933734
1683933764
1683933794
1683933824
1683933854
1683933884
1683933914
1683933944
1683933974
1683934004
1683934034
1683934064
1683934094
1683934124
1683934154
1683934184
1683934214
1683934244
1683934274
1683934304
1683934334
1683934364
1683934394
1683934424
1683934454
1683934484
1683934514
1683934544
1683934574
1683934604
1683934634
1683934664
1683934694
1683934724
1683934754
1683934784
1683934814
1683934844
1683934874
1683934904
1683934934
1683934964
1683934994
1683935024
1683935054
1683935084
1683935114
1683935144
1683935174
1683935204
1683935234
1683935264
1683935294
1683935324
1683935354
1683935384
1683935414
1683935444
1683935474
1683935504
1683935534
1683935564
1683935594
1683935624
1683935654
1683935684
1683935714
1683935744
1683935774
1683935804
1683935834
1683935864
1683935894
1683935924
1683935954
1683935984
1683936014
1683936044
1683936074
1683936104
1683936134
1683936164
1683936194
1683936224
1683936254
1683936284
1683936314
1683936344
1683936374
1683936404
1683936434
1683936464
1683936494
1683936524
1683936554
1683936584
1683936614
1683936644
1683936674
1683936704
1683936734
1683936764
1683936794
1683936824
1683936854
1683936884
1683936914
1683936944
1683936974
1683937004
1683937034
1683937064
1683937094
1683937124
1683937154
1683937184
1683937214
1683937244
1683937274
1683937304
1683937334
1683937364
1683937394
1683937424
1683937454
1683937484
1683937514
1683937544
1683937574
1683937604
1683937634
1683937664
1683937694
1683937724
1683937754
1683937784
1683937814
1683937844
1683937874
1683937904
1683937934
1683937964
1683937994
1683938024
1683938054
1683938084
1683938114
1683938144
1683938174
1683938204
1683938234
1683938264
1683938294
1683938324
1683938354
1683938384
1683938414
1683938444
1683938474
1683938504
1683938534
1683938564
1683938594
1683938624
1683938654
1683938684
1683938714
1683938744
1683938774
1683938804
1683938834
1683938864
1683938894
1683938924
1683938954
1683938984
1683939014
1683939044
1683939074
1683939104
1683939134
1683939164
1683939194
1683939224
1683939254
1683939284
1683939314
1683939344
1683939374
1683939404
1683939434
1683939464
1683939494
1683939524
1683939554
1683939584
1683939614
1683939644
1683939674
1683939704
1683939734
1683939764
1683939794
1683939824
1683939854
1683939884
1683939914
1683939944
1683939974
1683940004
1683940034
1683940064
1683940094
1683940124
1683940154
1683940184
1683940214
1683940244
1683940274
1683940304
1683940334
1683940364
1683940394
1683940424
1683940454
1683940484
1683940514
1683940544
1683940574
1683940604
1683940634
1683940664
1683940694
1683940724
1683940754
1683940784
1683940814
1683940844
1683940874
1683940904
1683940934
1683940964
1683940994
1683941024
1683941054
1683941084
1683941114
1683941144
1683941174
1683941204
1683941234
1683941264
1683941294
1683941324
1683941354
1683941384
1683941414
1683941444
1683941474
1683941504
1683941534
1683941564
1683941594
1683941624
1683941654
1683941684
1683941714
1683941744
1683941774
1683941804
1683941834
1683941864
1683941894
1683941924
1683941954
1683941984
1683942014
1683942044
1683942074
1683942104
1683942134
1683942164
1683942194
1683942224
1683942254
1683942284
1683942314
1683942344
1683942374
1683942404
1683942434
1683942464
1683942494
1683942524
1683942554
1683942584
1683942614
1683942644
1683942674
1683942704
1683942734
1683942764
1683942794
1683942824
1683942854
1683942884
1683942914
1683942944
1683942974
1683943004
1683943034
1683943064
1683943094
1683943124
1683943154
1683943184
1683943214
1683943244
1683943274
1683943304
1683943334
1683943364
1683943394
1683943424
1683943454
1683943484
1683943514
1683943544
1683943574
1683943604
1683943634
1683943664
1683943694
1683943724
1683943754
1683943784
1683943814
1683943844
1683943874
1683943904
1683943934
1683943964
1683943994
1683944024
1683944054
1683944084
1683944114
1683944144
1683944174
1683944204
1683944234
1683944264
1683944294
1683944324
1683944354
1683944384
1683944414
1683944444
1683944474
1683944504
1683944534
1683944564
1683944594
1683944624
1683944654
1683944684
1683944714
1683944744
1683944774
1683944804
1683944834
1683944864
1683944894
1683944924
1683944954
1683944984
1683945014
1683945044
1683945074
1683945104
1683945134
1683945164
1683945194
1683945224
1683945254
1683945284
1683945314
1683945344
1683945374
1683945404
1683945434
1683945464
1683945494
1683945524
1683945554
1683945584
1683945614
1683945644
1683945674
1683945704
1683945734
1683945764
1683945794
1683945824
1683945854
1683945884
1683945914
1683945944
1683945974
1683946004
1683946034
1683946064
1683946094
1683946124
1683946154
1683946184
1683946214
1683946244
1683946274
1683946304
1683946334
1683946364
1683946394
1683946424
1683946454
1683946484
1683946514
1683946544
1683946574
1683946604
1683946634
1683946664
1683946694
1683946724
1683946754
1683946784
1683946814
1683946844
1683946874
1683946904
1683946934
1683946964
1683946994
1683947024
1683947054
1683947084
1683947114
1683947144
1683947174
1683947204
1683947234
1683947264
1683947294
1683947324
1683947354
1683947384
1683947414
1683947444
1683947474
1683947504
1683947534
1683947564
1683947594
1683947624
1683947654
1683947684
1683947714
1683947744
1683947774
1683947804
1683947834
1683947864
1683947894
1683947924
1683947954
1683947984
1683948014
1683948044
1683948074
1683948104
1683948134
1683948164
1683948194
1683948224
1683948254
1683948284
1683948314
1683948344
1683948374
1683948404
1683948434
1683948464
1683948494
1683948524
1683948554
1683948584
1683948614
1683948644
1683948674
1683948704
1683948734
1683948764
1683948794
1683948824
1683948854
1683948884
1683948914
1683948944
1683948974
1683949004
1683949034
1683949064
1683949094
1683949124
1683949154
1683949184
1683949214
1683949244
1683949274
1683949304
1683949334
1683949364
1683949394
1683949424
1683949454
1683949484
1683949514
1683949544
1683949574
1683949604
1683949634
1683949664
1683949694
1683949724
1683949754
1683949784
1683949814
1683949844
1683949874
1683949904
1683949934
1683949964
1683949994
1683950024
1683950054
1683950084
1683950114
1683950144
1683950174
1683950204
1683950234
1683950264
1683950294
1683950324
1683950354
1683950384
1683950414
1683950444
1683950474
1683950504
1683950534
1683950564
1683950594
1683950624
1683950654
1683950684
1683950714
1683950744
1683950774
1683950804
1683950834
1683950864
1683950894
1683950924
1683950954
1683950984
1683951014
1683951044
1683951074
1683951104
1683951134
1683951164
1683951194
1683951224
1683951254
1683951284
1683951314
1683951344
1683951374
1683951404
1683951434
1683951464
1683951494
1683951524
1683951554
1683951584
1683951614
1683951644
1683951674
1683951704
1683951734
1683951764
1683951794
1683951824
1683951854
1683951884
1683951914
1683951944
1683951974
1683952004
1683952034
1683952064
1683952094
1683952124
1683952154
1683952184
1683952214
1683952244
1683952274
1683952304
1683952334
1683952364
1683952394
1683952424
1683952454
1683952484
1683952514
1683952544
1683952574
1683952604
1683952634
1683952664
1683952694
1683952724
1683952754
1683952784
1683952814
1683952844
1683952874
1683952904
1683952934
1683952964
1683952994
1683953024
1683953054
1683953084
1683953114
1683953144
1683953174
1683953204
1683953234
1683953264
1683953294
1683953324
1683953354
1683953384
1683953414
1683953444
1683953474
1683953504
1683953534
1683953564
1683953594
1683953624
1683953654
1683953684
1683953714
1683953744
1683953774
1683953804
1683953834
1683953864
1683953894
1683953924
1683953954
1683953984
1683954014
1683954044
1683954074
1683954104
1683954134
1683954164
1683954194
1683954224
1683954254
1683954284
1683954314
1683954344
1683954374
1683954404
1683954434
1683954464
1683954494
1683954524
1683954554
1683954584
1683954614
1683954644
1683954674
1683954704
1683954734
1683954764
1683954794
1683954824
1683954854
1683954884
1683954914
1683954944
1683954974
1683955004
1683955034
1683955064
1683955094
1683955124
1683955154
1683955184
1683955214
1683955244
1683955274
1683955304
1683955334
1683955364
1683955394
1683955424
1683955454
1683955484
1683955514
1683955544
1683955574
1683955604
1683955634
1683955664
1683955694
1683955724
1683955754
1683955784
1683955814
1683955844
1683955874
1683955904
1683955934
1683955964
1683955994
1683956024
1683956054
1683956084
1683956114
1683956144
1683956174
1683956204
1683956234
1683956264
1683956294
1683956324
1683956354
1683956384
1683956414
1683956444
1683956474
1683956504
1683956534
1683956564
1683956594
1683956624
1683956654
1683956684
1683956714
1683956744
1683956774
1683956804
1683956834
1683956864
1683956894
1683956924
1683956954
1683956984
1683957014
1683957044
1683957074
1683957104
1683957134
1683957164
1683957194
1683957224
1683957254
1683957284
1683957314
1683957344
1683957374
1683957404
1683957434
1683957464
1683957494
1683957524
1683957554
1683957584
1683957614
1683957644
1683957674
1683957704
1683957734
1683957764
1683957794
1683957824
1683957854
1683957884
1683957914
1683957944
1683957974
1683958004
1683958034
1683958064
1683958094
1683958124
1683958154
1683958184
1683958214
1683958244
1683958274
1683958304
1683958334
1683958364
1683958394
1683958424
1683958454
1683958484
1683958514
1683958544
1683958574
1683958604
1683958634
1683958664
1683958694
1683958724
1683958754
1683958784
1683958814
1683958844
1683958874
1683958904
1683958934
1683958964
1683958994
1683959024
1683959054
1683959084
1683959114
1683959144
1683959174
1683959204
1683959234
1683959264
1683959294
1683959324
1683959354
1683959384
1683959414
1683959444
1683959474
1683959504
1683959534
1683959564
1683959594
1683959624
1683959654
1683959684
1683959714
1683959744
1683959774
1683959804
1683959834
1683959864
1683959894
1683959924
1683959954
1683959984
1683960014
1683960044
1683960074
1683960104
1683960134
1683960164
1683960194
1683960224
1683960254
1683960284
1683960314
1683960344
1683960374
1683960404
1683960434
1683960464
1683960494
1683960524
1683960554
1683960584
1683960614
1683960644
1683960674
1683960704
1683960734
1683960764
1683960794
1683960824
1683960854
1683960884
1683960914
1683960944
1683960974
1683961004
1683961034
1683961064
1683961094
1683961124
1683961154
1683961184
1683961214
1683961244
1683961274
1683961304
1683961334
1683961364
1683961394
1683961424
1683961454
1683961484
1683961514
1683961544
1683961574
1683961604
1683961634
1683961664
1683961694
1683961724
1683961754
1683961784
1683961814
1683961844
1683961874
1683961904
1683961934
1683961964
1683961994
1683962024
1683962054
1683962084
1683962114
1683962144
1683962174
1683962204
1683962234
1683962264
1683962294
1683962324
1683962354
1683962384
1683962414
1683962444
1683962474
1683962504
1683962534
1683962564
1683962594
1683962624
1683962654
1683962684
1683962714
1683962744
1683962774
1683962804
1683962834
1683962864
1683962894
1683962924
1683962954
1683962984
1683963014
1683963044
1683963074
1683963104
1683963134
1683963164
1683963194
1683963224
1683963254
1683963284
1683963314
1683963344
1683963374
1683963404
1683963434
1683963464
1683963494
1683963524
1683963554
1683963584
1683963614
1683963644
1683963674
1683963704
1683963734
1683963764
1683963794
1683963824
1683963854
1683963884
1683963914
1683963944
1683963974
1683964004
1683964034
1683964064
1683964094
1683964124
1683964154
1683964184
1683964214
1683964244
1683964274
1683964304
1683964334
1683964364
1683964394
1683964424
1683964454
1683964484
1683964514
1683964544
1683964574
1683964604
1683964634
1683964664
1683964694
1683964724
1683964754
1683964784
1683964814
1683964844
1683964874
1683964904
1683964934
1683964964
1683964994
1683965024
1683965054
1683965084
1683965114
1683965144
1683965174
1683965204
1683965234
1683965264
1683965294
1683965324
1683965354
1683965384
1683965414
1683965444
1683965474
1683965504
1683965534
1683965564
1683965594
1683965624
1683965654
1683965684
1683965714
1683965744
1683965774
1683965804
1683965834
1683965864
1683965894
1683965924
1683965954
1683965984
1683966014
1683966044
1683966074
1683966104
1683966134
1683966164
1683966194
1683966224
1683966254
1683966284
1683966314
1683966344
1683966374
1683966404
1683966434
1683966464
1683966494
1683966524
1683966554
1683966584
1683966614
1683966644
1683966674
1683966704
1683966734
1683966764
1683966794
1683966824
1683966854
1683966884
1683966914
1683966944
1683966974
1683967004
1683967034
1683967064
1683967094
1683967124
1683967154
1683967184
1683967214
1683967244
1683967274
1683967304
1683967334
1683967364
1683967394
1683967424
1683967454
1683967484
1683967514
1683967544
1683967574
1683967604
1683967634
1683967664
1683967694
1683967724
1683967754
1683967784
1683967814
1683967844
1683967874
1683967904
1683967934
1683967964
1683967994
1683968024
1683968054
1683968084
1683968114
1683968144
1683968174
1683968204
1683968234
1683968264
1683968294
1683968324
1683968354
1683968384
1683968414
1683968444
1683968474
1683968504
1683968534
1683968564
1683968594
1683968624
1683968654
1683968684
1683968714
1683968744
1683968774
1683968804
1683968834
1683968864
1683968894
1683968924
1683968954
1683968984
1683969014
1683969044
1683969074
1683969104
1683969134
1683969164
1683969194
1683969224
1683969254
1683969284
1683969314
1683969344
1683969374
1683969404
1683969434
1683969464
1683969494
1683969524
1683969554
1683969584
1683969614
1683969644
1683969674
1683969704
1683969734
1683969764
1683969794
1683969824
1683969854
1683969884
1683969914
1683969944
1683969974
1683970004
1683970034
1683970064
1683970094
1683970124
1683970154
1683970184
1683970214
1683970244
1683970274
1683970304
1683970334
1683970364
1683970394
1683970424
1683970454
1683970484
1683970514
1683970544
1683970574
1683970604
1683970634
1683970664
1683970694
1683970724
1683970754
1683970784
1683970814
1683970844
1683970874
1683970904
1683970934
1683970964
1683970994
1683971024
1683971054
1683971084
1683971114
1683971144
1683971174
1683971204
1683971234
1683971264
1683971294
1683971324
1683971354
1683971384
1683971414
1683971444
1683971474
1683971504
1683971534
1683971564
1683971594
1683971624
1683971654
1683971684
1683971714
1683971744
1683971774
1683971804
1683971834
1683971864
1683971894
1683971924
1683971954
1683971984
1683972014
1683972044
1683972074
1683972104
1683972134
1683972164
1683972194
1683972224
1683972254
1683972284
1683972314
1683972344
1683972374
1683972404
1683972434
1683972464
1683972494
1683972524
1683972554
1683972584
1683972614
1683972644
1683972674
1683972704
1683972734
1683972764
1683972794
1683972824
1683972854
1683972884
1683972914
1683972944
1683972974
1683973004
1683973034
1683973064
1683973094
1683973124
1683973154
1683973184
1683973214
1683973244
1683973274
1683973304
1683973334
1683973364
1683973394
1683973424
1683973454
1683973484
1683973514
1683973544
1683973574
1683973604
1683973634
1683973664
1683973694
1683973724
1683973754
1683973784
1683973814
1683973844
1683973874
1683973904
1683973934
1683973964
1683973994
1683974024
1683974054
1683974084
1683974114
1683974144
1683974174
1683974204
1683974234
1683974264
1683974294
1683974324
1683974354
1683974384
1683974414
1683974444
1683974474
1683974504
1683974534
1683974564
1683974594
1683974624
1683974654
1683974684
1683974714
1683974744
1683974774
1683974804
1683974834
1683974864
1683974894
1683974924
1683974954
1683974984
1683975014
1683975044
1683975074
1683975104
1683975134
1683975164
1683975194
1683975224
1683975254
1683975284
1683975314
1683975344
1683975374
1683975404
1683975434
1683975464
1683975494
1683975524
1683975554
1683975584
1683975614
1683975644
1683975674
1683975704
1683975734
1683975764
1683975794
1683975824
1683975854
1683975884
1683975914
1683975944
1683975974
1683976004
1683976034
1683976064
1683976094
1683976124
1683976154
1683976184
1683976214
1683976244
1683976274
1683976304
1683976334
1683976364
1683976394
1683976424
1683976454
1683976484
1683976514
1683976544
1683976574
1683976604
1683976634
1683976664
1683976694
1683976724
1683976754
1683976784
1683976814
1683976844
1683976874
1683976904
1683976934
1683976964
1683976994
1683977024
1683977054
1683977084
1683977114
1683977144
1683977174
1683977204
1683977234
1683977264
1683977294
1683977324
1683977354
1683977384
1683977414
1683977444
1683977474
1683977504
1683977534
1683977564
1683977594
1683977624
1683977654
1683977684
1683977714
1683977744
1683977774
1683977804
1683977834
1683977864
1683977894
1683977924
1683977954
1683977984
1683978014
1683978044
1683978074
1683978104
1683978134
1683978164
1683978194
1683978224
1683978254
1683978284
1683978314
1683978344
1683978374
1683978404
1683978434
1683978464
1683978494
1683978524
1683978554
1683978584
1683978614
1683978644
1683978674
1683978704
1683978734
1683978764
1683978794
1683978824
1683978854
1683978884
1683978914
1683978944
1683978974
1683979004
1683979034
1683979064
1683979094
1683979124
1683979154
1683979184
1683979214
1683979244
1683979274
1683979304
1683979334
1683979364
1683979394
1683979424
1683979454
1683979484
1683979514
1683979544
1683979574
1683979604
1683979634
1683979664
1683979694
1683979724
1683979754
1683979784
1683979814
1683979844
1683979874
1683979904
1683979934
1683979964
1683979994
1683980024
1683980054
1683980084
1683980114
1683980144
1683980174
1683980204
1683980234
1683980264
1683980294
1683980324
1683980354
1683980384
1683980414
1683980444
1683980474
1683980504
1683980534
1683980564
1683980594
1683980624
1683980654
1683980684
1683980714
1683980744
1683980774
1683980804
1683980834
1683980864
1683980894
1683980924
1683980954
1683980984
1683981014
1683981044
1683981074
1683981104
1683981134
1683981164
1683981194
1683981224
1683981254
1683981284
1683981314
1683981344
1683981374
1683981404
1683981434
1683981464
1683981494
1683981524
1683981554
1683981584
1683981614
1683981644
1683981674
1683981704
1683981734
1683981764
1683981794
1683981824
1683981854
1683981884
1683981914
1683981944
1683981974
1683982004
1683982034
1683982064
1683982094
1683982124
1683982154
1683982184
1683982214
1683982244
1683982274
1683982304
1683982334
1683982364
1683982394
1683982424
1683982454
1683982484
1683982514
1683982544
1683982574
1683982604
1683982634
1683982664
1683982694
1683982724
1683982754
1683982784
1683982814
1683982844
1683982874
1683982904
1683982934
1683982964
1683982994
1683983024
1683983054
1683983084
1683983114
1683983144
1683983174
1683983204
1683983234
1683983264
1683983294
1683983324
1683983354
1683983384
1683983414
1683983444
1683983474
1683983504
1683983534
1683983564
1683983594
1683983624
1683983654
1683983684
1683983714
1683983744
1683983774
1683983804
1683983834
1683983864
1683983894
1683983924
1683983954
1683983984
1683984014
1683984044
1683984074
1683984104
1683984134
1683984164
1683984194
1683984224
1683984254
1683984284
1683984314
1683984344
1683984374
1683984404
1683984434
1683984464
1683984494
1683984524
1683984554
1683984584
1683984614
1683984644
1683984674
1683984704
1683984734
1683984764
1683984794
1683984824
1683984854
1683984884
1683984914
1683984944
1683984974
1683985004
1683985034
1683985064
1683985094
1683985124
1683985154
1683985184
1683985214
1683985244
1683985274
1683985304
1683985334
1683985364
1683985394
1683985424
1683985454
1683985484
1683985514
1683985544
1683985574
1683985604
1683985634
1683985664
1683985694
1683985724
1683985754
1683985784
1683985814
1683985844
1683985874
1683985904
1683985934
1683985964
1683985994
1683986024
1683986054
1683986084
1683986114
1683986144
1683986174
1683986204
1683986234
1683986264
1683986294
1683986324
1683986354
1683986384
1683986414
1683986444
1683986474
1683986504
1683986534
1683986564
1683986594
1683986624
1683986654
1683986684
1683986714
1683986744
1683986774
1683986804
1683986834
1683986864
1683986894
1683986924
1683986954
1683986984
1683987014
1683987044
1683987074
1683987104
1683987134
1683987164
1683987194
1683987224
1683987254
1683987284
1683987314
1683987344
1683987374
1683987404
1683987434
1683987464
1683987494
1683987524
1683987554
1683987584
1683987614
1683987644
1683987674
1683987704
1683987734
1683987764
1683987794
1683987824
1683987854
1683987884
1683987914
1683987944
1683987974
1683988004
1683988034
1683988064
1683988094
1683988124
1683988154
1683988184
1683988214
1683988244
1683988274
1683988304
1683988334
1683988364
1683988394
1683988424
1683988454
1683988484
1683988514
1683988544
1683988574
1683988604
1683988634
1683988664
1683988694
1683988724
1683988754
1683988784
1683988814
1683988844
1683988874
1683988904
1683988934
1683988964
1683988994
1683989024
1683989054
1683989084
1683989114
1683989144
1683989174
1683989204
1683989234
1683989264
1683989294
1683989324
1683989354
1683989384
1683989414
1683989444
1683989474
1683989504
1683989534
1683989564
1683989594
1683989624
1683989654
1683989684
1683989714
1683989744
1683989774
1683989804
1683989834
1683989864
1683989894
1683989924
1683989954
1683989984
1683990014
1683990044
1683990074
1683990104
1683990134
1683990164
1683990194
1683990224
1683990254
1683990284
1683990314
1683990344
1683990374
1683990404
1683990434
1683990464
1683990494
1683990524
1683990554
1683990584
1683990614
1683990644
1683990674
1683990704
1683990734
1683990764
1683990794
1683990824
1683990854
1683990884
1683990914
1683990944
1683990974
1683991004
1683991034
1683991064
1683991094
1683991124
1683991154
1683991184
1683991214
1683991244
1683991274
1683991304
1683991334
1683991364
1683991394
1683991424
1683991454
1683991484
1683991514
1683991544
1683991574
1683991604
1683991634
1683991664
1683991694
1683991724
1683991754
1683991784
1683991814
1683991844
1683991874
1683991904
1683991934
1683991964
1683991994
1683992024
1683992054
1683992084
1683992114
1683992144
1683992174
1683992204
1683992234
1683992264
1683992294
1683992324
1683992354
1683992384
1683992414
1683992444
1683992474
1683992504
1683992534
1683992564
1683992594
1683992624
1683992654
1683992684
1683992714
1683992744
1683992774
1683992804
1683992834
1683992864
1683992894
1683992924
1683992954
1683992984
1683993014
1683993044
1683993074
1683993104
1683993134
1683993164
1683993194
1683993224
1683993254
1683993284
1683993314
1683993344
1683993374
1683993404
1683993434
1683993464
1683993494
1683993524
1683993554
1683993584
1683993614
1683993644
1683993674
1683993704
1683993734
1683993764
1683993794
1683993824
1683993854
1683993884
1683993914
1683993944
1683993974
1683994004
1683994034
1683994064
1683994094
1683994124
1683994154
1683994184
1683994214
1683994244
1683994274
1683994304
1683994334
1683994364
1683994394
1683994424
1683994454
1683994484
1683994514
1683994544
1683994574
1683994604
1683994634
1683994664
1683994694
1683994724
1683994754
1683994784
1683994814
1683994844
1683994874
1683994904
1683994934
1683994964
1683994994
1683995024
1683995054
1683995084
1683995114
1683995144
1683995174
1683995204
1683995234
1683995264
1683995294
1683995324
1683995354
1683995384
1683995414
1683995444
1683995474
1683995504
1683995534
1683995564
1683995594
1683995624
1683995654
1683995684
1683995714
1683995744
1683995774
1683995804
1683995834
1683995864
1683995894
1683995924
1683995954
1683995984
1683996014
1683996044
1683996074
1683996104
1683996134
1683996164
1683996194
1683996224
1683996254
1683996284
1683996314
1683996344
1683996374
1683996404
1683996434
1683996464
1683996494
1683996524
1683996554
1683996584
1683996614
1683996644
1683996674
1683996704
1683996734
1683996764
1683996794
1683996824
1683996854
1683996884
1683996914
1683996944
1683996974
1683997004
1683997034
1683997064
1683997094
1683997124
1683997154
1683997184
1683997214
1683997244
1683997274
1683997304
1683997334
1683997364
1683997394
1683997424
1683997454
1683997484
1683997514
1683997544
1683997574
1683997604
1683997634
1683997664
1683997694
1683997724
1683997754
1683997784
1683997814
1683997844
1683997874
1683997904
1683997934
1683997964
1683997994
1683998024
1683998054
1683998084
1683998114
1683998144
1683998174
1683998204
1683998234
1683998264
1683998294
1683998324
1683998354
1683998384
1683998414
1683998444
1683998474
1683998504
1683998534
1683998564
1683998594
1683998624
1683998654
1683998684
1683998714
1683998744
1683998774
1683998804
1683998834
1683998864
1683998894
1683998924
1683998954
1683998984
1683999014
1683999044
1683999074
1683999104
1683999134
1683999164
1683999194
1683999224
1683999254
1683999284
1683999314
1683999344
1683999374
1683999404
1683999434
1683999464
1683999494
1683999524
1683999554
1683999584
1683999614
1683999644
1683999674
1683999704
1683999734
1683999764
1683999794
1683999824
1683999854
1683999884
1683999914
1683999944
1683999974
1684000004
1684000034
1684000064
1684000094
1684000124
1684000154
1684000184
1684000214
1684000244
1684000274
1684000304
1684000334
1684000364
1684000394
1684000424
1684000454
1684000484
1684000514
1684000544
1684000574
1684000604
1684000634
1684000664
1684000694
1684000724
1684000754
1684000784
1684000814
1684000844
1684000874
1684000904
1684000934
1684000964
1684000994
1684001024
1684001054
1684001084
1684001114
1684001144
1684001174
1684001204
1684001234
1684001264
1684001294
1684001324
1684001354
1684001384
1684001414
1684001444
1684001474
1684001504
1684001534
1684001564
1684001594
1684001624
1684001654
1684001684
1684001714
1684001744
1684001774
1684001804
1684001834
1684001864
1684001894
1684001924
1684001954
1684001984
1684002014
1684002044
1684002074
1684002104
1684002134
1684002164
1684002194
1684002224
1684002254
1684002284
1684002314
1684002344
1684002374
1684002404
1684002434
1684002464
1684002494
1684002524
1684002554
1684002584
1684002614
1684002644
1684002674
1684002704
1684002734
1684002764
1684002794
1684002824
1684002854
1684002884
1684002914
1684002944
1684002974
1684003004
1684003034
1684003064
1684003094
1684003124
1684003154
1684003184
1684003214
1684003244
1684003274
1684003304
1684003334
1684003364
1684003394
1684003424
1684003454
1684003484
1684003514
1684003544
1684003574
1684003604
1684003634
1684003664
1684003694
1684003724
1684003754
1684003784
1684003814
1684003844
1684003874
1684003904
1684003934
1684003964
1684003994
1684004024
1684004054
1684004084
1684004114
1684004144
1684004174
1684004204
1684004234
1684004264
1684004294
1684004324
1684004354
1684004384
1684004414
1684004444
1684004474
1684004504
1684004534
1684004564
1684004594
1684004624
1684004654
1684004684
1684004714
1684004744
1684004774
1684004804
1684004834
1684004864
1684004894
1684004924
1684004954
1684004984
1684005014
1684005044
1684005074
1684005104
1684005134
1684005164
1684005194
1684005224
1684005254
1684005284
1684005314
1684005344
1684005374
1684005404
1684005434
1684005464
1684005494
1684005524
1684005554
1684005584
1684005614
1684005644
1684005674
1684005704
1684005734
1684005764
1684005794
1684005824
1684005854
1684005884
1684005914
1684005944
1684005974
1684006004
1684006034
1684006064
1684006094
1684006124
1684006154
1684006184
1684006214
1684006244
1684006274
1684006304
1684006334
1684006364
1684006394
1684006424
1684006454
1684006484
1684006514
1684006544
1684006574
1684006604
1684006634
1684006664
1684006694
1684006724
1684006754
1684006784
1684006814
1684006844
1684006874
1684006904
1684006934
1684006964
1684006994
1684007024
1684007054
1684007084
1684007114
1684007144
1684007174
1684007204
1684007234
1684007264
1684007294
1684007324
1684007354
1684007384
1684007414
1684007444
1684007474
1684007504
1684007534
1684007564
1684007594
1684007624
1684007654
1684007684
1684007714
1684007744
1684007774
1684007804
1684007834
1684007864
1684007894
1684007924
1684007954
1684007984
1684008014
1684008044
1684008074
1684008104
1684008134
1684008164
1684008194
1684008224
1684008254
1684008284
1684008314
1684008344
1684008374
1684008404
1684008434
1684008464
1684008494
1684008524
1684008554
1684008584
1684008614
1684008644
1684008674
1684008704
1684008734
1684008764
1684008794
1684008824
1684008854
1684008884
1684008914
1684008944
1684008974
1684009004
1684009034
1684009064
1684009094
1684009124
1684009154
1684009184
1684009214
1684009244
1684009274
1684009304
1684009334
1684009364
1684009394
1684009424
1684009454
1684009484
1684009514
1684009544
1684009574
1684009604
1684009634
1684009664
1684009694
1684009724
1684009754
1684009784
1684009814
1684009844
1684009874
1684009904
1684009934
1684009964
1684009994
1684010024
1684010054
1684010084
1684010114
1684010144
1684010174
1684010204
1684010234
1684010264
1684010294
1684010324
1684010354
1684010384
1684010414
1684010444
1684010474
1684010504
1684010534
1684010564
1684010594
1684010624
1684010654
1684010684
1684010714
1684010744
1684010774
1684010804
1684010834
1684010864
1684010894
1684010924
1684010954
1684010984
1684011014
1684011044
1684011074
1684011104
1684011134
1684011164
1684011194
1684011224
1684011254
1684011284
1684011314
1684011344
1684011374
1684011404
1684011434
1684011464
1684011494
1684011524
1684011554
1684011584
1684011614
1684011644
1684011674
1684011704
1684011734
1684011764
1684011794
1684011824
1684011854
1684011884
1684011914
1684011944
1684011974
1684012004
1684012034
1684012064
1684012094
1684012124
1684012154
1684012184
1684012214
1684012244
1684012274
1684012304
1684012334
1684012364
1684012394
1684012424
1684012454
1684012484
1684012514
1684012544
1684012574
1684012604
1684012634
1684012664
1684012694
1684012724
1684012754
1684012784
1684012814
1684012844
1684012874
1684012904
1684012934
1684012964
1684012994
1684013024
1684013054
1684013084
1684013114
1684013144
1684013174
1684013204
1684013234
1684013264
1684013294
1684013324
1684013354
1684013384
1684013414
1684013444
1684013474
1684013504
1684013534
1684013564
1684013594
1684013624
1684013654
1684013684
1684013714
1684013744
1684013774
1684013804
1684013834
1684013864
1684013894
1684013924
1684013954
1684013984
1684014014
1684014044
1684014074
1684014104
1684014134
1684014164
1684014194
1684014224
1684014254
1684014284
1684014314
1684014344
1684014374
1684014404
1684014434
1684014464
1684014494
1684014524
1684014554
1684014584
1684014614
1684014644
1684014674
1684014704
1684014734
1684014764
1684014794
1684014824
1684014854
1684014884
1684014914
1684014944
1684014974
1684015004
1684015034
1684015064
1684015094
1684015124
1684015154
1684015184
1684015214
1684015244
1684015274
1684015304
1684015334
1684015364
1684015394
1684015424
1684015454
1684015484
1684015514
1684015544
1684015574
1684015604
1684015634
1684015664
1684015694
1684015724
1684015754
1684015784
1684015814
1684015844
1684015874
1684015904
1684015934
1684015964
1684015994
1684016024
1684016054
1684016084
1684016114
1684016144
1684016174
1684016204
1684016234
1684016264
1684016294
1684016324
1684016354
1684016384
1684016414
1684016444
1684016474
1684016504
1684016534
1684016564
1684016594
1684016624
1684016654
1684016684
1684016714
1684016744
1684016774
1684016804
1684016834
1684016864
1684016894
1684016924
1684016954
1684016984
1684017014
1684017044
1684017074
1684017104
1684017134
1684017164
1684017194
1684017224
1684017254
1684017284
1684017314
1684017344
1684017374
1684017404
1684017434
1684017464
1684017494
1684017524
1684017554
1684017584
1684017614
1684017644
1684017674
1684017704
1684017734
1684017764
1684017794
1684017824
1684017854
1684017884
1684017914
1684017944
1684017974
1684018004
1684018034
1684018064
1684018094
1684018124
1684018154
1684018184
1684018214
1684018244
1684018274
1684018304
1684018334
1684018364
1684018394
1684018424
1684018454
1684018484
1684018514
1684018544
1684018574
1684018604
1684018634
1684018664
1684018694
1684018724
1684018754
1684018784
1684018814
1684018844
1684018874
1684018904
1684018934
1684018964
1684018994
1684019024
1684019054
1684019084
1684019114
1684019144
1684019174
1684019204
1684019234
1684019264
1684019294
1684019324
1684019354
1684019384
1684019414
1684019444
1684019474
1684019504
1684019534
1684019564
1684019594
1684019624
1684019654
1684019684
1684019714
1684019744
1684019774
1684019804
1684019834
1684019864
1684019894
1684019924
1684019954
1684019984
1684020014
1684020044
1684020074
1684020104
1684020134
1684020164
1684020194
1684020224
1684020254
1684020284
1684020314
1684020344
1684020374
1684020404
1684020434
1684020464
1684020494
1684020524
1684020554
1684020584
1684020614
1684020644
1684020674
1684020704
1684020734
1684020764
1684020794
1684020824
1684020854
1684020884
1684020914
1684020944
1684020974
1684021004
1684021034
1684021064
1684021094
1684021124
1684021154
1684021184
1684021214
1684021244
1684021274
1684021304
1684021334
1684021364
1684021394
1684021424
1684021454
1684021484
1684021514
1684021544
1684021574
1684021604
1684021634
1684021664
1684021694
1684021724
1684021754
1684021784
1684021814
1684021844
1684021874
1684021904
1684021934
1684021964
1684021994
1684022024
1684022054
1684022084
1684022114
1684022144
1684022174
1684022204
1684022234
1684022264
1684022294
1684022324
1684022354
1684022384
1684022414
1684022444
1684022474
1684022504
1684022534
1684022564
1684022594
1684022624
1684022654
1684022684
1684022714
1684022744
1684022774
1684022804
1684022834
1684022864
1684022894
1684022924
1684022954
1684022984
1684023014
1684023044
1684023074
1684023104
1684023134
1684023164
1684023194
1684023224
1684023254
1684023284
1684023314
1684023344
1684023374
1684023404
1684023434
1684023464
1684023494
1684023524
1684023554
1684023584
1684023614
1684023644
1684023674
1684023704
1684023734
1684023764
1684023794
1684023824
1684023854
1684023884
1684023914
1684023944
1684023974
1684024004
1684024034
1684024064
1684024094
1684024124
1684024154
1684024184
1684024214
1684024244
1684024274
1684024304
1684024334
1684024364
1684024394
1684024424
1684024454
1684024484
1684024514
1684024544
1684024574
1684024604
1684024634
1684024664
1684024694
1684024724
1684024754
1684024784
1684024814
1684024844
1684024874
1684024904
1684024934
1684024964
1684024994
1684025024
1684025054
1684025084
1684025114
1684025144
1684025174
1684025204
1684025234
1684025264
1684025294
1684025324
1684025354
1684025384
1684025414
1684025444
1684025474
1684025504
1684025534
1684025564
1684025594
1684025624
1684025654
1684025684
1684025714
1684025744
1684025774
1684025804
1684025834
1684025864
1684025894
1684025924
1684025954
1684025984
1684026014
1684026044
1684026074
1684026104
1684026134
1684026164
1684026194
1684026224
1684026254
1684026284
1684026314
1684026344
1684026374
1684026404
1684026434
1684026464
1684026494
1684026524
1684026554
1684026584
1684026614
1684026644
1684026674
1684026704
1684026734
1684026764
1684026794
1684026824
1684026854
1684026884
1684026914
1684026944
1684026974
1684027004
1684027034
1684027064
1684027094
1684027124
1684027154
1684027184
1684027214
1684027244
1684027274
1684027304
1684027334
1684027364
1684027394
1684027424
1684027454
1684027484
1684027514
1684027544
1684027574
1684027604
1684027634
1684027664
1684027694
1684027724
1684027754
1684027784
1684027814
1684027844
1684027874
1684027904
1684027934
1684027964
1684027994
1684028024
1684028054
1684028084
1684028114
1684028144
1684028174
1684028204
1684028234
1684028264
1684028294
1684028324
1684028354
1684028384
1684028414
1684028444
1684028474
1684028504
1684028534
1684028564
1684028594
1684028624
1684028654
1684028684
1684028714
1684028744
1684028774
1684028804
1684028834
1684028864
1684028894
1684028924
1684028954
1684028984
1684029014
1684029045
1684029074
1684029104
1684029134
1684029164
1684029194
1684029224
1684029254
1684029284
1684029314
1684029344
1684029374
1684029404
1684029434
1684029464
1684029494
1684029524
1684029555
1684029584
1684029615
1684029645
1684029675
1684029705
1684029735
1684029765
1684029795
1684029825
1684029854
1684029884
1684029914
1684029944
1684029974
1684030004
1684030035
1684030065
1684030095
1684030124
1684030155
1684030184
1684030214
1684030245
1684030275
1684030304
1684030334
1684030365
1684030395
1684030425
1684030455
1684030485
1684030515
1684030545
1684030575
1684030605
1684030635
1684030665
1684030694
1684030725
1684030755
1684030785
1684030815
1684030845
1684030875
1684030905
1684030935
1684030965
1684030995
1684031025
1684031055
1684031085
1684031115
1684031145
1684031175
1684031205
1684031235
1684031265
1684031295
1684031325
1684031355
1684031385
1684031415
1684031445
1684031475
1684031505
1684031535
1684031565
1684031595
1684031625
1684031655
1684031685
1684031715
1684031745
1684031775
1684031805
1684031835
1684031865
1684031895
1684031925
1684031955
1684031985
1684032015
1684032045
1684032075
1684032105
1684032135
1684032165
1684032195
1684032225
1684032255
1684032285
1684032315
1684032345
1684032375
1684032405
1684032435
1684032465
1684032495
1684032525
1684032555
1684032585
1684032615
1684032645
1684032675
1684032705
1684032735
1684032765
1684032795
1684032825
1684032855
1684032885
1684032915
1684032945
1684032975
1684033005
1684033035
1684033065
1684033095
1684033125
1684033155
1684033185
1684033215
1684033245
1684033275
1684033305
1684033335
1684033365
1684033395
1684033425
1684033455
1684033485
1684033515
1684033545
1684033575
1684033605
1684033635
1684033665
1684033695
1684033725
1684033755
1684033785
1684033815
1684033845
1684033875
1684033905
1684033935
1684033965
1684033995
1684034025
1684034055
1684034085
1684034115
1684034145
1684034175
1684034205
1684034235
1684034265
1684034295
1684034325
1684034355
1684034385
1684034415
1684034445
1684034475
1684034505
1684034535
1684034565
1684034595
1684034625
1684034655
1684034685
1684034715
1684034745
1684034775
1684034805
1684034835
1684034865
1684034895
1684034925
1684034955
1684034985
1684035015
1684035045
1684035075
1684035105
1684035135
1684035165
1684035195
1684035225
1684035255
1684035285
1684035315
1684035345
1684035375
1684035405
1684035435
1684035465
1684035495
1684035525
1684035555
1684035585
1684035615
1684035645
1684035675
1684035705
1684035735
1684035765
1684035795
1684035825
1684035855
1684035885
1684035915
1684035945
1684035975
1684036005
1684036035
1684036065
1684036095
1684036125
1684036155
1684036185
1684036215
1684036245
1684036275
1684036305
1684036335
1684036365
1684036395
1684036425
1684036455
1684036485
1684036515
1684036545
1684036575
1684036605
1684036635
1684036665
1684036695
1684036725
1684036755
1684036785
1684036815
1684036845
1684036875
1684036905
1684036935
1684036965
1684036995
1684037025
1684037055
1684037085
1684037115
1684037145
1684037175
1684037205
1684037235
1684037265
1684037295
1684037325
1684037355
1684037385
1684037415
1684037445
1684037475
1684037505
1684037535
1684037565
1684037595
1684037625
1684037655
1684037685
1684037715
1684037745
1684037775
1684037805
1684037835
1684037865
1684037895
1684037925
1684037955
1684037985
1684038015
1684038045
1684038075
1684038105
1684038135
1684038165
1684038195
1684038225
1684038255
1684038285
1684038315
1684038345
1684038375
1684038405
1684038435
1684038465
1684038495
1684038525
1684038555
1684038585
1684038615
1684038645
1684038675
1684038705
1684038735
1684038765
1684038795
1684038825
1684038855
1684038885
1684038915
1684038945
1684038975
1684039005
1684039035
1684039065
1684039095
1684039125
1684039155
1684039185
1684039215
1684039245
1684039275
1684039305
1684039335
1684039365
1684039395
1684039425
1684039455
1684039485
1684039515
1684039545
1684039575
1684039605
1684039635
1684039665
1684039695
1684039725
1684039755
1684039785
1684039815
1684039845
1684039875
1684039905
1684039935
1684039965
1684039995
1684040025
1684040055
1684040085
1684040115
1684040145
1684040175
1684040205
1684040235
1684040265
1684040295
1684040325
1684040355
1684040385
1684040415
1684040445
1684040475
1684040505
1684040535
1684040565
1684040595
1684040625
1684040655
1684040685
1684040715
1684040745
1684040775
1684040805
1684040835
1684040865
1684040895
1684040925
1684040955
1684040985
1684041015
1684041045
1684041075
1684041105
1684041135
1684041165
1684041195
1684041225
1684041255
1684041285
1684041315
1684041345
1684041375
1684041405
1684041435
1684041465
1684041495
1684041525
1684041555
1684041585
1684041615
1684041645
1684041675
1684041705
1684041735
1684041765
1684041795
1684041825
1684041855
1684041885
1684041915
1684041945
1684041975
1684042005
1684042035
1684042065
1684042095
1684042125
1684042155
1684042185
1684042215
1684042245
1684042275
1684042305
1684042335
1684042365
1684042395
1684042425
1684042455
1684042485
1684042515
1684042545
1684042575
1684042605
1684042635
1684042665
1684042695
1684042725
1684042755
1684042785
1684042815
1684042845
1684042875
1684042905
1684042935
1684042965
1684042995
1684043025
1684043055
1684043085
1684043115
1684043145
1684043175
1684043205
1684043235
1684043265
1684043295
1684043325
1684043355
1684043385
1684043415
1684043445
1684043475
1684043505
1684043535
1684043565
1684043595
1684043625
1684043655
1684043685
1684043715
1684043745
1684043775
1684043805
1684043835
1684043865
1684043895
1684043925
1684043955
1684043985
1684044015
1684044045
1684044075
1684044105
1684044135
1684044165
1684044195
1684044225
1684044255
1684044285
1684044315
1684044345
1684044375
1684044405
1684044435
1684044465
1684044495
1684044525
1684044555
1684044585
1684044615
1684044645
1684044675
1684044705
1684044735
1684044765
1684044795
1684044825
1684044855
1684044885
1684044915
1684044945
1684044975
1684045005
1684045035
1684045065
1684045095
1684045125
1684045155
1684045185
1684045215
1684045245
1684045275
1684045305
1684045335
1684045365
1684045395
1684045425
1684045455
1684045485
1684045515
1684045545
1684045575
1684045605
1684045635
1684045665
1684045695
1684045725
1684045755
1684045785
1684045815
1684045845
1684045875
1684045905
1684045935
1684045965
1684045995
1684046025
1684046055
1684046085
1684046115
1684046145
1684046175
1684046205
1684046235
1684046265
1684046295
1684046325
1684046355
1684046385
1684046415
1684046445
1684046475
1684046505
1684046535
1684046565
1684046595
1684046625
1684046655
1684046685
1684046715
1684046745
1684046775
1684046805
1684046835
1684046865
1684046895
1684046925
1684046955
1684046985
1684047015
1684047045
1684047075
1684047105
1684047135
1684047165
1684047195
1684047225
1684047255
1684047285
1684047315
1684047345
1684047375
1684047405
1684047435
1684047465
1684047495
1684047525
1684047555
1684047585
1684047615
1684047645
1684047675
1684047705
1684047735
1684047765
1684047795
1684047825
1684047855
1684047885
1684047915
1684047945
1684047975
1684048005
1684048035
1684048065
1684048095
1684048125
1684048155
1684048185
1684048215
1684048245
1684048275
1684048305
1684048335
1684048365
1684048395
1684048425
1684048455
1684048485
1684048515
1684048545
1684048575
1684048605
1684048635
1684048665
1684048695
1684048725
1684048755
1684048785
1684048815
1684048845
1684048875
1684048905
1684048935
1684048965
1684048995
1684049025
1684049055
1684049085
1684049115
1684049145
1684049175
1684049205
1684049235
1684049265
1684049295
1684049325
1684049355
1684049385
1684049415
1684049445
1684049475
1684049505
1684049535
1684049565
1684049595
1684049625
1684049655
1684049685
1684049715
1684049745
1684049775
1684049805
1684049835
1684049865
1684049895
1684049925
1684049955
1684049985
1684050015
1684050045
1684050075
1684050105
1684050135
1684050165
1684050195
1684050225
1684050255
1684050285
1684050315
1684050345
1684050375
1684050405
1684050435
1684050465
1684050495
1684050525
1684050555
1684050585
1684050615
1684050645
1684050675
1684050705
1684050735
1684050765
1684050795
1684050825
1684050855
1684050885
1684050915
1684050945
1684050975
1684051005
1684051035
1684051065
1684051095
1684051125
1684051155
1684051185
1684051215
1684051245
1684051273.185 [WARN] (cluster.cpp:763:virtual void datastax::internal::core::Cluster::on_close(datastax::internal::core::ControlConnection*)): Lost control connection to host 10.2.216.146
1684051275
1684051305
1684051335
1684051365
1684051395
1684051425
1684051455
1684051485
1684051515
1684051545
1684051575
1684051605
1684051635
1684051665
1684051695
1684051725
1684051755
1684051785
1684051815
1684051845
1684051875
1684051905
1684051935
1684051965
1684051995
1684052025
1684052055
1684052085
1684052115
1684052145
1684052175
1684052205
1684052235
1684052265
1684052295
1684052325
1684052355
1684052385
1684052415
1684052445
1684052475
1684052505
1684052535
1684052565
1684052595
1684052625
1684052655
1684052685
1684052715
1684052745
1684052775
1684052805
1684052835
1684052865
1684052895
1684052925
1684052955
1684052985
1684053015
1684053045
1684053075
1684053105
1684053135
1684053165
1684053195
1684053225
1684053255
1684053285
1684053315
1684053345
1684053375
1684053405
1684053435
1684053465
1684053495
1684053525
1684053555
1684053585
1684053615
1684053645
1684053675
1684053705
1684053735
1684053765
1684053795
1684053825
1684053855
1684053885
1684053915
1684053945
1684053975
1684054005
1684054035
1684054065
1684054095
1684054125
1684054155
1684054185
1684054215
1684054245
1684054275
1684054305
1684054335
1684054365
1684054395
1684054425
1684054455
1684054485
1684054515
1684054545
1684054575
1684054605
1684054635
1684054665
1684054695
1684054725
1684054755
1684054785
1684054815
1684054845
1684054875
1684054905
1684054935
1684054965
1684054995
1684055025
1684055055
1684055085
1684055115
1684055145
1684055175
1684055205
1684055235
1684055265
1684055295
1684055325
1684055355
1684055385
1684055415
1684055445
1684055475
1684055505
1684055535
1684055565
1684055595
1684055625
1684055655
1684055685
1684055715
1684055745
1684055775
1684055805
1684055835
1684055865
1684055895
1684055925
1684055955
1684055985
1684056015
1684056045
1684056075
1684056105
1684056135
1684056165
1684056195
1684056225
1684056255
1684056285
1684056315
1684056345
1684056375
1684056405
1684056435
1684056465
1684056495
1684056525
1684056555
1684056585
1684056615
1684056645
1684056675
1684056705
1684056735
1684056765
1684056795
1684056825
1684056855
1684056885
1684056915
1684056945
1684056975
1684057005
1684057035
1684057065
1684057095
1684057125
1684057155
1684057185
1684057215
1684057245
1684057275
1684057305
1684057335
1684057365
1684057395
1684057425
1684057455
1684057485
1684057515
1684057545
1684057575
1684057605
1684057635
1684057665
1684057695
1684057725
1684057755
1684057785
1684057815
1684057845
1684057875
1684057905
1684057935
1684057965
1684057995
1684058025
1684058055
1684058085
1684058115
1684058145
1684058175
1684058205
1684058235
1684058265
1684058295
1684058325
1684058355
1684058385
1684058415
1684058445
1684058475
1684058505
1684058535
1684058565
1684058595
1684058625
1684058655
1684058685
1684058715
1684058745
1684058775
1684058805
1684058835
1684058865
1684058895
1684058925
1684058955
1684058985
1684059015
1684059045
1684059075
1684059105
1684059135
1684059165
1684059195
1684059225
1684059255
1684059285
1684059315
1684059345
1684059375
1684059405
1684059435
1684059465
1684059495
1684059525
1684059555
1684059585
1684059615
1684059645
1684059675
1684059705
